<?xml version="1.0" encoding="utf-8"?>
<outputLog>
  <ApplicationId>61eaa66a-3dda-447e-bccc-cad51c2a06fd</ApplicationId>
  <FileLogs>
    <FileLog>
      <ProjectId>c6f8e118-bc41-4d79-b295-6a9b744a1746</ProjectId>
      <CorrelationId>Intent.VisualStudio.Projects.CoreLibrary.CSProject#c6f8e118-bc41-4d79-b295-6a9b744a1746</CorrelationId>
      <OverwriteBehaviour>always</OverwriteBehaviour>
      <ApplicationRelativeFilePath>../../src/Aryzac.IO.Client.Nuxt/Aryzac.IO.Client.Nuxt.csproj</ApplicationRelativeFilePath>
      <ProjectRelativeFilePath>Aryzac.IO.Client.Nuxt.csproj</ProjectRelativeFilePath>
      <IsIgnored>false</IsIgnored>
    </FileLog>
    <FileLog>
      <ProjectId>c6f8e118-bc41-4d79-b295-6a9b744a1746</ProjectId>
      <CorrelationId>Intent.ModuleBuilder.IModSpecFile</CorrelationId>
      <OverwriteBehaviour>always</OverwriteBehaviour>
      <ApplicationRelativeFilePath>../../src/Aryzac.IO.Client.Nuxt/Aryzac.IO.Client.Nuxt.imodspec</ApplicationRelativeFilePath>
      <ProjectRelativeFilePath>Aryzac.IO.Client.Nuxt.imodspec</ProjectRelativeFilePath>
      <IsIgnored>false</IsIgnored>
    </FileLog>
    <FileLog>
      <ProjectId>c6f8e118-bc41-4d79-b295-6a9b744a1746</ProjectId>
      <CorrelationId>Intent.ModuleBuilder.Templates.StaticContentOutputReadme#5a68e31b-f70c-4874-8fd7-a7b603dba5a6</CorrelationId>
      <OverwriteBehaviour>once-off</OverwriteBehaviour>
      <ApplicationRelativeFilePath>../../src/Aryzac.IO.Client.Nuxt/content/readme.txt</ApplicationRelativeFilePath>
      <ProjectRelativeFilePath>content/readme.txt</ProjectRelativeFilePath>
      <IsIgnored>false</IsIgnored>
    </FileLog>
    <FileLog>
      <ProjectId>e1d41232-105b-49cd-96b8-4e7b0c49fe42</ProjectId>
      <CorrelationId>Intent.ModuleBuilder.ProjectItemTemplate.T4Template.PreProcessed#0859d70e-fde2-45a0-8dbd-91856245e4fc</CorrelationId>
      <OverwriteBehaviour>always</OverwriteBehaviour>
      <ApplicationRelativeFilePath>../../src/Aryzac.IO.Client.Nuxt/Templates/Files/Components/Component/ComponentTemplate.cs</ApplicationRelativeFilePath>
      <ProjectRelativeFilePath>Files/Components/Component/ComponentTemplate.cs</ProjectRelativeFilePath>
      <IsIgnored>false</IsIgnored>
    </FileLog>
    <FileLog>
      <ProjectId>e1d41232-105b-49cd-96b8-4e7b0c49fe42</ProjectId>
      <CorrelationId>Intent.ModuleBuilder.Templates.FileTemplateT4#0859d70e-fde2-45a0-8dbd-91856245e4fc</CorrelationId>
      <OverwriteBehaviour>always</OverwriteBehaviour>
      <ApplicationRelativeFilePath>../../src/Aryzac.IO.Client.Nuxt/Templates/Files/Components/Component/ComponentTemplate.tt</ApplicationRelativeFilePath>
      <ProjectRelativeFilePath>Files/Components/Component/ComponentTemplate.tt</ProjectRelativeFilePath>
      <IsIgnored>false</IsIgnored>
    </FileLog>
    <FileLog>
      <ProjectId>e1d41232-105b-49cd-96b8-4e7b0c49fe42</ProjectId>
      <CorrelationId>Intent.ModuleBuilder.ProjectItemTemplate.Partial#0859d70e-fde2-45a0-8dbd-91856245e4fc</CorrelationId>
      <OverwriteBehaviour>always</OverwriteBehaviour>
      <ApplicationRelativeFilePath>../../src/Aryzac.IO.Client.Nuxt/Templates/Files/Components/Component/ComponentTemplatePartial.cs</ApplicationRelativeFilePath>
      <ProjectRelativeFilePath>Files/Components/Component/ComponentTemplatePartial.cs</ProjectRelativeFilePath>
      <IsIgnored>false</IsIgnored>
    </FileLog>
    <FileLog>
      <ProjectId>e1d41232-105b-49cd-96b8-4e7b0c49fe42</ProjectId>
      <CorrelationId>Intent.ModuleBuilder.TemplateRegistration.FilePerModel#0859d70e-fde2-45a0-8dbd-91856245e4fc</CorrelationId>
      <OverwriteBehaviour>always</OverwriteBehaviour>
      <ApplicationRelativeFilePath>../../src/Aryzac.IO.Client.Nuxt/Templates/Files/Components/Component/ComponentTemplateRegistration.cs</ApplicationRelativeFilePath>
      <ProjectRelativeFilePath>Files/Components/Component/ComponentTemplateRegistration.cs</ProjectRelativeFilePath>
      <IsIgnored>false</IsIgnored>
    </FileLog>
    <FileLog>
      <ProjectId>e1d41232-105b-49cd-96b8-4e7b0c49fe42</ProjectId>
      <CorrelationId>ModuleBuilder.Html.Templates.HtmlFileTemplate.T4Template.PreProcessed#9cf084b7-9d23-46b1-b087-23abb7fc827e</CorrelationId>
      <OverwriteBehaviour>always</OverwriteBehaviour>
      <ApplicationRelativeFilePath>../../src/Aryzac.IO.Client.Nuxt/Templates/Files/Components/ComponentHtml/ComponentHtmlTemplate.cs</ApplicationRelativeFilePath>
      <ProjectRelativeFilePath>Files/Components/ComponentHtml/ComponentHtmlTemplate.cs</ProjectRelativeFilePath>
      <IsIgnored>false</IsIgnored>
    </FileLog>
    <FileLog>
      <ProjectId>e1d41232-105b-49cd-96b8-4e7b0c49fe42</ProjectId>
      <CorrelationId>Intent.ModuleBuilder.Html.Templates.HtmlFileTemplate#9cf084b7-9d23-46b1-b087-23abb7fc827e</CorrelationId>
      <OverwriteBehaviour>always</OverwriteBehaviour>
      <ApplicationRelativeFilePath>../../src/Aryzac.IO.Client.Nuxt/Templates/Files/Components/ComponentHtml/ComponentHtmlTemplate.tt</ApplicationRelativeFilePath>
      <ProjectRelativeFilePath>Files/Components/ComponentHtml/ComponentHtmlTemplate.tt</ProjectRelativeFilePath>
      <IsIgnored>false</IsIgnored>
    </FileLog>
    <FileLog>
      <ProjectId>e1d41232-105b-49cd-96b8-4e7b0c49fe42</ProjectId>
      <CorrelationId>Intent.ModuleBuilder.Html.Templates.HtmlFileTemplatePartial#9cf084b7-9d23-46b1-b087-23abb7fc827e</CorrelationId>
      <OverwriteBehaviour>always</OverwriteBehaviour>
      <ApplicationRelativeFilePath>../../src/Aryzac.IO.Client.Nuxt/Templates/Files/Components/ComponentHtml/ComponentHtmlTemplatePartial.cs</ApplicationRelativeFilePath>
      <ProjectRelativeFilePath>Files/Components/ComponentHtml/ComponentHtmlTemplatePartial.cs</ProjectRelativeFilePath>
      <IsIgnored>false</IsIgnored>
    </FileLog>
    <FileLog>
      <ProjectId>e1d41232-105b-49cd-96b8-4e7b0c49fe42</ProjectId>
      <CorrelationId>Intent.ModuleBuilder.TemplateRegistration.FilePerModel#9cf084b7-9d23-46b1-b087-23abb7fc827e</CorrelationId>
      <OverwriteBehaviour>always</OverwriteBehaviour>
      <ApplicationRelativeFilePath>../../src/Aryzac.IO.Client.Nuxt/Templates/Files/Components/ComponentHtml/ComponentHtmlTemplateRegistration.cs</ApplicationRelativeFilePath>
      <ProjectRelativeFilePath>Files/Components/ComponentHtml/ComponentHtmlTemplateRegistration.cs</ProjectRelativeFilePath>
      <IsIgnored>false</IsIgnored>
    </FileLog>
    <FileLog>
      <ProjectId>e1d41232-105b-49cd-96b8-4e7b0c49fe42</ProjectId>
      <CorrelationId>Intent.ModuleBuilder.ProjectItemTemplate.Partial#1d2d62d6-9683-4ef7-8645-e71f05733cb1</CorrelationId>
      <OverwriteBehaviour>always</OverwriteBehaviour>
      <ApplicationRelativeFilePath>../../src/Aryzac.IO.Client.Nuxt/Templates/Files/Components/ComponentI18n/ComponentI18nTemplatePartial.cs</ApplicationRelativeFilePath>
      <ProjectRelativeFilePath>Files/Components/ComponentI18n/ComponentI18nTemplatePartial.cs</ProjectRelativeFilePath>
      <IsIgnored>false</IsIgnored>
    </FileLog>
    <FileLog>
      <ProjectId>e1d41232-105b-49cd-96b8-4e7b0c49fe42</ProjectId>
      <CorrelationId>Intent.ModuleBuilder.TemplateRegistration.FilePerModel#1d2d62d6-9683-4ef7-8645-e71f05733cb1</CorrelationId>
      <OverwriteBehaviour>always</OverwriteBehaviour>
      <ApplicationRelativeFilePath>../../src/Aryzac.IO.Client.Nuxt/Templates/Files/Components/ComponentI18n/ComponentI18nTemplateRegistration.cs</ApplicationRelativeFilePath>
      <ProjectRelativeFilePath>Files/Components/ComponentI18n/ComponentI18nTemplateRegistration.cs</ProjectRelativeFilePath>
      <IsIgnored>false</IsIgnored>
    </FileLog>
    <FileLog>
      <ProjectId>e1d41232-105b-49cd-96b8-4e7b0c49fe42</ProjectId>
      <CorrelationId>Intent.ModuleBuilder.ProjectItemTemplate.T4Template.PreProcessed#92d3ff7c-d424-49a3-bc47-f0207b674c13</CorrelationId>
      <OverwriteBehaviour>always</OverwriteBehaviour>
      <ApplicationRelativeFilePath>../../src/Aryzac.IO.Client.Nuxt/Templates/Files/Components/Layout/Components/ComponentsTemplate.cs</ApplicationRelativeFilePath>
      <ProjectRelativeFilePath>Files/Components/Layout/Components/ComponentsTemplate.cs</ProjectRelativeFilePath>
      <IsIgnored>false</IsIgnored>
    </FileLog>
    <FileLog>
      <ProjectId>e1d41232-105b-49cd-96b8-4e7b0c49fe42</ProjectId>
      <CorrelationId>Intent.ModuleBuilder.Templates.FileTemplateT4#92d3ff7c-d424-49a3-bc47-f0207b674c13</CorrelationId>
      <OverwriteBehaviour>always</OverwriteBehaviour>
      <ApplicationRelativeFilePath>../../src/Aryzac.IO.Client.Nuxt/Templates/Files/Components/Layout/Components/ComponentsTemplate.tt</ApplicationRelativeFilePath>
      <ProjectRelativeFilePath>Files/Components/Layout/Components/ComponentsTemplate.tt</ProjectRelativeFilePath>
      <IsIgnored>false</IsIgnored>
    </FileLog>
    <FileLog>
      <ProjectId>e1d41232-105b-49cd-96b8-4e7b0c49fe42</ProjectId>
      <CorrelationId>Intent.ModuleBuilder.ProjectItemTemplate.Partial#92d3ff7c-d424-49a3-bc47-f0207b674c13</CorrelationId>
      <OverwriteBehaviour>always</OverwriteBehaviour>
      <ApplicationRelativeFilePath>../../src/Aryzac.IO.Client.Nuxt/Templates/Files/Components/Layout/Components/ComponentsTemplatePartial.cs</ApplicationRelativeFilePath>
      <ProjectRelativeFilePath>Files/Components/Layout/Components/ComponentsTemplatePartial.cs</ProjectRelativeFilePath>
      <IsIgnored>false</IsIgnored>
    </FileLog>
    <FileLog>
      <ProjectId>e1d41232-105b-49cd-96b8-4e7b0c49fe42</ProjectId>
      <CorrelationId>Intent.ModuleBuilder.TemplateRegistration.SingleFileNoModel#92d3ff7c-d424-49a3-bc47-f0207b674c13</CorrelationId>
      <OverwriteBehaviour>always</OverwriteBehaviour>
      <ApplicationRelativeFilePath>../../src/Aryzac.IO.Client.Nuxt/Templates/Files/Components/Layout/Components/ComponentsTemplateRegistration.cs</ApplicationRelativeFilePath>
      <ProjectRelativeFilePath>Files/Components/Layout/Components/ComponentsTemplateRegistration.cs</ProjectRelativeFilePath>
      <IsIgnored>false</IsIgnored>
    </FileLog>
    <FileLog>
      <ProjectId>e1d41232-105b-49cd-96b8-4e7b0c49fe42</ProjectId>
      <CorrelationId>ModuleBuilder.Typescript.Templates.TypescriptTemplate.PreProcessT4#eabd0cf0-37ab-4c7c-b963-d000419a7446</CorrelationId>
      <OverwriteBehaviour>always</OverwriteBehaviour>
      <ApplicationRelativeFilePath>../../src/Aryzac.IO.Client.Nuxt/Templates/Files/Composables/Controls/UseHeadingOptions/UseHeadingOptionsTemplate.cs</ApplicationRelativeFilePath>
      <ProjectRelativeFilePath>Files/Composables/Controls/UseHeadingOptions/UseHeadingOptionsTemplate.cs</ProjectRelativeFilePath>
      <IsIgnored>false</IsIgnored>
    </FileLog>
    <FileLog>
      <ProjectId>e1d41232-105b-49cd-96b8-4e7b0c49fe42</ProjectId>
      <CorrelationId>Intent.ModuleBuilder.TypeScript.Templates.TypescriptTemplateT4#eabd0cf0-37ab-4c7c-b963-d000419a7446</CorrelationId>
      <OverwriteBehaviour>always</OverwriteBehaviour>
      <ApplicationRelativeFilePath>../../src/Aryzac.IO.Client.Nuxt/Templates/Files/Composables/Controls/UseHeadingOptions/UseHeadingOptionsTemplate.tt</ApplicationRelativeFilePath>
      <ProjectRelativeFilePath>Files/Composables/Controls/UseHeadingOptions/UseHeadingOptionsTemplate.tt</ProjectRelativeFilePath>
      <IsIgnored>false</IsIgnored>
    </FileLog>
    <FileLog>
      <ProjectId>e1d41232-105b-49cd-96b8-4e7b0c49fe42</ProjectId>
      <CorrelationId>Intent.ModuleBuilder.TypeScript.Templates.TypescriptTemplatePartial#eabd0cf0-37ab-4c7c-b963-d000419a7446</CorrelationId>
      <OverwriteBehaviour>always</OverwriteBehaviour>
      <ApplicationRelativeFilePath>../../src/Aryzac.IO.Client.Nuxt/Templates/Files/Composables/Controls/UseHeadingOptions/UseHeadingOptionsTemplatePartial.cs</ApplicationRelativeFilePath>
      <ProjectRelativeFilePath>Files/Composables/Controls/UseHeadingOptions/UseHeadingOptionsTemplatePartial.cs</ProjectRelativeFilePath>
      <IsIgnored>false</IsIgnored>
    </FileLog>
    <FileLog>
      <ProjectId>e1d41232-105b-49cd-96b8-4e7b0c49fe42</ProjectId>
      <CorrelationId>Intent.ModuleBuilder.TemplateRegistration.FilePerModel#eabd0cf0-37ab-4c7c-b963-d000419a7446</CorrelationId>
      <OverwriteBehaviour>always</OverwriteBehaviour>
      <ApplicationRelativeFilePath>../../src/Aryzac.IO.Client.Nuxt/Templates/Files/Composables/Controls/UseHeadingOptions/UseHeadingOptionsTemplateRegistration.cs</ApplicationRelativeFilePath>
      <ProjectRelativeFilePath>Files/Composables/Controls/UseHeadingOptions/UseHeadingOptionsTemplateRegistration.cs</ProjectRelativeFilePath>
      <IsIgnored>false</IsIgnored>
    </FileLog>
    <FileLog>
      <ProjectId>e1d41232-105b-49cd-96b8-4e7b0c49fe42</ProjectId>
      <CorrelationId>ModuleBuilder.Typescript.Templates.TypescriptTemplate.PreProcessT4#66289ea7-dfde-42fd-9f18-b380e756dbc3</CorrelationId>
      <OverwriteBehaviour>always</OverwriteBehaviour>
      <ApplicationRelativeFilePath>../../src/Aryzac.IO.Client.Nuxt/Templates/Files/Composables/Controls/UseLabelOptions/UseLabelOptionsTemplate.cs</ApplicationRelativeFilePath>
      <ProjectRelativeFilePath>Files/Composables/Controls/UseLabelOptions/UseLabelOptionsTemplate.cs</ProjectRelativeFilePath>
      <IsIgnored>false</IsIgnored>
    </FileLog>
    <FileLog>
      <ProjectId>e1d41232-105b-49cd-96b8-4e7b0c49fe42</ProjectId>
      <CorrelationId>Intent.ModuleBuilder.TypeScript.Templates.TypescriptTemplateT4#66289ea7-dfde-42fd-9f18-b380e756dbc3</CorrelationId>
      <OverwriteBehaviour>always</OverwriteBehaviour>
      <ApplicationRelativeFilePath>../../src/Aryzac.IO.Client.Nuxt/Templates/Files/Composables/Controls/UseLabelOptions/UseLabelOptionsTemplate.tt</ApplicationRelativeFilePath>
      <ProjectRelativeFilePath>Files/Composables/Controls/UseLabelOptions/UseLabelOptionsTemplate.tt</ProjectRelativeFilePath>
      <IsIgnored>false</IsIgnored>
    </FileLog>
    <FileLog>
      <ProjectId>e1d41232-105b-49cd-96b8-4e7b0c49fe42</ProjectId>
      <CorrelationId>Intent.ModuleBuilder.TypeScript.Templates.TypescriptTemplatePartial#66289ea7-dfde-42fd-9f18-b380e756dbc3</CorrelationId>
      <OverwriteBehaviour>always</OverwriteBehaviour>
      <ApplicationRelativeFilePath>../../src/Aryzac.IO.Client.Nuxt/Templates/Files/Composables/Controls/UseLabelOptions/UseLabelOptionsTemplatePartial.cs</ApplicationRelativeFilePath>
      <ProjectRelativeFilePath>Files/Composables/Controls/UseLabelOptions/UseLabelOptionsTemplatePartial.cs</ProjectRelativeFilePath>
      <IsIgnored>false</IsIgnored>
    </FileLog>
    <FileLog>
      <ProjectId>e1d41232-105b-49cd-96b8-4e7b0c49fe42</ProjectId>
      <CorrelationId>Intent.ModuleBuilder.TemplateRegistration.FilePerModel#66289ea7-dfde-42fd-9f18-b380e756dbc3</CorrelationId>
      <OverwriteBehaviour>always</OverwriteBehaviour>
      <ApplicationRelativeFilePath>../../src/Aryzac.IO.Client.Nuxt/Templates/Files/Composables/Controls/UseLabelOptions/UseLabelOptionsTemplateRegistration.cs</ApplicationRelativeFilePath>
      <ProjectRelativeFilePath>Files/Composables/Controls/UseLabelOptions/UseLabelOptionsTemplateRegistration.cs</ProjectRelativeFilePath>
      <IsIgnored>false</IsIgnored>
    </FileLog>
    <FileLog>
      <ProjectId>e1d41232-105b-49cd-96b8-4e7b0c49fe42</ProjectId>
      <CorrelationId>ModuleBuilder.Typescript.Templates.TypescriptTemplate.PreProcessT4#9791958d-ea31-4760-94f4-453e80dfbfbe</CorrelationId>
      <OverwriteBehaviour>always</OverwriteBehaviour>
      <ApplicationRelativeFilePath>../../src/Aryzac.IO.Client.Nuxt/Templates/Files/Composables/Controls/UseSelectOptions/UseSelectOptionsTemplate.cs</ApplicationRelativeFilePath>
      <ProjectRelativeFilePath>Files/Composables/Controls/UseSelectOptions/UseSelectOptionsTemplate.cs</ProjectRelativeFilePath>
      <IsIgnored>false</IsIgnored>
    </FileLog>
    <FileLog>
      <ProjectId>e1d41232-105b-49cd-96b8-4e7b0c49fe42</ProjectId>
      <CorrelationId>Intent.ModuleBuilder.TypeScript.Templates.TypescriptTemplateT4#9791958d-ea31-4760-94f4-453e80dfbfbe</CorrelationId>
      <OverwriteBehaviour>always</OverwriteBehaviour>
      <ApplicationRelativeFilePath>../../src/Aryzac.IO.Client.Nuxt/Templates/Files/Composables/Controls/UseSelectOptions/UseSelectOptionsTemplate.tt</ApplicationRelativeFilePath>
      <ProjectRelativeFilePath>Files/Composables/Controls/UseSelectOptions/UseSelectOptionsTemplate.tt</ProjectRelativeFilePath>
      <IsIgnored>false</IsIgnored>
    </FileLog>
    <FileLog>
      <ProjectId>e1d41232-105b-49cd-96b8-4e7b0c49fe42</ProjectId>
      <CorrelationId>Intent.ModuleBuilder.TypeScript.Templates.TypescriptTemplatePartial#9791958d-ea31-4760-94f4-453e80dfbfbe</CorrelationId>
      <OverwriteBehaviour>always</OverwriteBehaviour>
      <ApplicationRelativeFilePath>../../src/Aryzac.IO.Client.Nuxt/Templates/Files/Composables/Controls/UseSelectOptions/UseSelectOptionsTemplatePartial.cs</ApplicationRelativeFilePath>
      <ProjectRelativeFilePath>Files/Composables/Controls/UseSelectOptions/UseSelectOptionsTemplatePartial.cs</ProjectRelativeFilePath>
      <IsIgnored>false</IsIgnored>
    </FileLog>
    <FileLog>
      <ProjectId>e1d41232-105b-49cd-96b8-4e7b0c49fe42</ProjectId>
      <CorrelationId>Intent.ModuleBuilder.TemplateRegistration.FilePerModel#9791958d-ea31-4760-94f4-453e80dfbfbe</CorrelationId>
      <OverwriteBehaviour>always</OverwriteBehaviour>
      <ApplicationRelativeFilePath>../../src/Aryzac.IO.Client.Nuxt/Templates/Files/Composables/Controls/UseSelectOptions/UseSelectOptionsTemplateRegistration.cs</ApplicationRelativeFilePath>
      <ProjectRelativeFilePath>Files/Composables/Controls/UseSelectOptions/UseSelectOptionsTemplateRegistration.cs</ProjectRelativeFilePath>
      <IsIgnored>false</IsIgnored>
    </FileLog>
    <FileLog>
      <ProjectId>e1d41232-105b-49cd-96b8-4e7b0c49fe42</ProjectId>
      <CorrelationId>ModuleBuilder.Typescript.Templates.TypescriptTemplate.PreProcessT4#3da38e3b-9ae4-439d-9107-fb9a955c86ba</CorrelationId>
      <OverwriteBehaviour>always</OverwriteBehaviour>
      <ApplicationRelativeFilePath>../../src/Aryzac.IO.Client.Nuxt/Templates/Files/Composables/Controls/UseTableOptions/UseTableOptionsTemplate.cs</ApplicationRelativeFilePath>
      <ProjectRelativeFilePath>Files/Composables/Controls/UseTableOptions/UseTableOptionsTemplate.cs</ProjectRelativeFilePath>
      <IsIgnored>false</IsIgnored>
    </FileLog>
    <FileLog>
      <ProjectId>e1d41232-105b-49cd-96b8-4e7b0c49fe42</ProjectId>
      <CorrelationId>Intent.ModuleBuilder.TypeScript.Templates.TypescriptTemplateT4#3da38e3b-9ae4-439d-9107-fb9a955c86ba</CorrelationId>
      <OverwriteBehaviour>always</OverwriteBehaviour>
      <ApplicationRelativeFilePath>../../src/Aryzac.IO.Client.Nuxt/Templates/Files/Composables/Controls/UseTableOptions/UseTableOptionsTemplate.tt</ApplicationRelativeFilePath>
      <ProjectRelativeFilePath>Files/Composables/Controls/UseTableOptions/UseTableOptionsTemplate.tt</ProjectRelativeFilePath>
      <IsIgnored>false</IsIgnored>
    </FileLog>
    <FileLog>
      <ProjectId>e1d41232-105b-49cd-96b8-4e7b0c49fe42</ProjectId>
      <CorrelationId>Intent.ModuleBuilder.TypeScript.Templates.TypescriptTemplatePartial#3da38e3b-9ae4-439d-9107-fb9a955c86ba</CorrelationId>
      <OverwriteBehaviour>always</OverwriteBehaviour>
      <ApplicationRelativeFilePath>../../src/Aryzac.IO.Client.Nuxt/Templates/Files/Composables/Controls/UseTableOptions/UseTableOptionsTemplatePartial.cs</ApplicationRelativeFilePath>
      <ProjectRelativeFilePath>Files/Composables/Controls/UseTableOptions/UseTableOptionsTemplatePartial.cs</ProjectRelativeFilePath>
      <IsIgnored>false</IsIgnored>
    </FileLog>
    <FileLog>
      <ProjectId>e1d41232-105b-49cd-96b8-4e7b0c49fe42</ProjectId>
      <CorrelationId>Intent.ModuleBuilder.TemplateRegistration.FilePerModel#3da38e3b-9ae4-439d-9107-fb9a955c86ba</CorrelationId>
      <OverwriteBehaviour>always</OverwriteBehaviour>
      <ApplicationRelativeFilePath>../../src/Aryzac.IO.Client.Nuxt/Templates/Files/Composables/Controls/UseTableOptions/UseTableOptionsTemplateRegistration.cs</ApplicationRelativeFilePath>
      <ProjectRelativeFilePath>Files/Composables/Controls/UseTableOptions/UseTableOptionsTemplateRegistration.cs</ProjectRelativeFilePath>
      <IsIgnored>false</IsIgnored>
    </FileLog>
    <FileLog>
      <ProjectId>e1d41232-105b-49cd-96b8-4e7b0c49fe42</ProjectId>
      <CorrelationId>ModuleBuilder.Typescript.Templates.TypescriptTemplate.PreProcessT4#f8d15ea6-adc1-4cd5-b7ed-a34be0fc4ce4</CorrelationId>
      <OverwriteBehaviour>always</OverwriteBehaviour>
      <ApplicationRelativeFilePath>../../src/Aryzac.IO.Client.Nuxt/Templates/Files/Composables/UseServiceProxy/UseServiceProxyTemplate.cs</ApplicationRelativeFilePath>
      <ProjectRelativeFilePath>Files/Composables/UseServiceProxy/UseServiceProxyTemplate.cs</ProjectRelativeFilePath>
      <IsIgnored>false</IsIgnored>
    </FileLog>
    <FileLog>
      <ProjectId>e1d41232-105b-49cd-96b8-4e7b0c49fe42</ProjectId>
      <CorrelationId>Intent.ModuleBuilder.TypeScript.Templates.TypescriptTemplateT4#f8d15ea6-adc1-4cd5-b7ed-a34be0fc4ce4</CorrelationId>
      <OverwriteBehaviour>always</OverwriteBehaviour>
      <ApplicationRelativeFilePath>../../src/Aryzac.IO.Client.Nuxt/Templates/Files/Composables/UseServiceProxy/UseServiceProxyTemplate.tt</ApplicationRelativeFilePath>
      <ProjectRelativeFilePath>Files/Composables/UseServiceProxy/UseServiceProxyTemplate.tt</ProjectRelativeFilePath>
      <IsIgnored>false</IsIgnored>
    </FileLog>
    <FileLog>
      <ProjectId>e1d41232-105b-49cd-96b8-4e7b0c49fe42</ProjectId>
      <CorrelationId>Intent.ModuleBuilder.TypeScript.Templates.TypescriptTemplatePartial#f8d15ea6-adc1-4cd5-b7ed-a34be0fc4ce4</CorrelationId>
      <OverwriteBehaviour>always</OverwriteBehaviour>
      <ApplicationRelativeFilePath>../../src/Aryzac.IO.Client.Nuxt/Templates/Files/Composables/UseServiceProxy/UseServiceProxyTemplatePartial.cs</ApplicationRelativeFilePath>
      <ProjectRelativeFilePath>Files/Composables/UseServiceProxy/UseServiceProxyTemplatePartial.cs</ProjectRelativeFilePath>
      <IsIgnored>false</IsIgnored>
    </FileLog>
    <FileLog>
      <ProjectId>e1d41232-105b-49cd-96b8-4e7b0c49fe42</ProjectId>
      <CorrelationId>Intent.ModuleBuilder.TemplateRegistration.FilePerModel#f8d15ea6-adc1-4cd5-b7ed-a34be0fc4ce4</CorrelationId>
      <OverwriteBehaviour>always</OverwriteBehaviour>
      <ApplicationRelativeFilePath>../../src/Aryzac.IO.Client.Nuxt/Templates/Files/Composables/UseServiceProxy/UseServiceProxyTemplateRegistration.cs</ApplicationRelativeFilePath>
      <ProjectRelativeFilePath>Files/Composables/UseServiceProxy/UseServiceProxyTemplateRegistration.cs</ProjectRelativeFilePath>
      <IsIgnored>false</IsIgnored>
    </FileLog>
    <FileLog>
      <ProjectId>e1d41232-105b-49cd-96b8-4e7b0c49fe42</ProjectId>
      <CorrelationId>Intent.ModuleBuilder.ProjectItemTemplate.T4Template.PreProcessed#2ce7aefc-0353-4af1-ad47-9c25624a5c49</CorrelationId>
      <OverwriteBehaviour>always</OverwriteBehaviour>
      <ApplicationRelativeFilePath>../../src/Aryzac.IO.Client.Nuxt/Templates/Files/Layouts/Layout/LayoutTemplate.cs</ApplicationRelativeFilePath>
      <ProjectRelativeFilePath>Files/Layouts/Layout/LayoutTemplate.cs</ProjectRelativeFilePath>
      <IsIgnored>false</IsIgnored>
    </FileLog>
    <FileLog>
      <ProjectId>e1d41232-105b-49cd-96b8-4e7b0c49fe42</ProjectId>
      <CorrelationId>Intent.ModuleBuilder.Templates.FileTemplateT4#2ce7aefc-0353-4af1-ad47-9c25624a5c49</CorrelationId>
      <OverwriteBehaviour>always</OverwriteBehaviour>
      <ApplicationRelativeFilePath>../../src/Aryzac.IO.Client.Nuxt/Templates/Files/Layouts/Layout/LayoutTemplate.tt</ApplicationRelativeFilePath>
      <ProjectRelativeFilePath>Files/Layouts/Layout/LayoutTemplate.tt</ProjectRelativeFilePath>
      <IsIgnored>false</IsIgnored>
    </FileLog>
    <FileLog>
      <ProjectId>e1d41232-105b-49cd-96b8-4e7b0c49fe42</ProjectId>
      <CorrelationId>Intent.ModuleBuilder.ProjectItemTemplate.Partial#2ce7aefc-0353-4af1-ad47-9c25624a5c49</CorrelationId>
      <OverwriteBehaviour>always</OverwriteBehaviour>
      <ApplicationRelativeFilePath>../../src/Aryzac.IO.Client.Nuxt/Templates/Files/Layouts/Layout/LayoutTemplatePartial.cs</ApplicationRelativeFilePath>
      <ProjectRelativeFilePath>Files/Layouts/Layout/LayoutTemplatePartial.cs</ProjectRelativeFilePath>
      <IsIgnored>false</IsIgnored>
    </FileLog>
    <FileLog>
      <ProjectId>e1d41232-105b-49cd-96b8-4e7b0c49fe42</ProjectId>
      <CorrelationId>Intent.ModuleBuilder.TemplateRegistration.FilePerModel#2ce7aefc-0353-4af1-ad47-9c25624a5c49</CorrelationId>
      <OverwriteBehaviour>always</OverwriteBehaviour>
      <ApplicationRelativeFilePath>../../src/Aryzac.IO.Client.Nuxt/Templates/Files/Layouts/Layout/LayoutTemplateRegistration.cs</ApplicationRelativeFilePath>
      <ProjectRelativeFilePath>Files/Layouts/Layout/LayoutTemplateRegistration.cs</ProjectRelativeFilePath>
      <IsIgnored>false</IsIgnored>
    </FileLog>
    <FileLog>
      <ProjectId>e1d41232-105b-49cd-96b8-4e7b0c49fe42</ProjectId>
      <CorrelationId>Intent.ModuleBuilder.ProjectItemTemplate.Partial#dad09ffd-5c83-478f-9a1b-6bcc64db7330</CorrelationId>
      <OverwriteBehaviour>always</OverwriteBehaviour>
      <ApplicationRelativeFilePath>../../src/Aryzac.IO.Client.Nuxt/Templates/Files/Layouts/LayoutI18n/LayoutI18nTemplatePartial.cs</ApplicationRelativeFilePath>
      <ProjectRelativeFilePath>Files/Layouts/LayoutI18n/LayoutI18nTemplatePartial.cs</ProjectRelativeFilePath>
      <IsIgnored>false</IsIgnored>
    </FileLog>
    <FileLog>
      <ProjectId>e1d41232-105b-49cd-96b8-4e7b0c49fe42</ProjectId>
      <CorrelationId>Intent.ModuleBuilder.TemplateRegistration.FilePerModel#dad09ffd-5c83-478f-9a1b-6bcc64db7330</CorrelationId>
      <OverwriteBehaviour>always</OverwriteBehaviour>
      <ApplicationRelativeFilePath>../../src/Aryzac.IO.Client.Nuxt/Templates/Files/Layouts/LayoutI18n/LayoutI18nTemplateRegistration.cs</ApplicationRelativeFilePath>
      <ProjectRelativeFilePath>Files/Layouts/LayoutI18n/LayoutI18nTemplateRegistration.cs</ProjectRelativeFilePath>
      <IsIgnored>false</IsIgnored>
    </FileLog>
    <FileLog>
      <ProjectId>e1d41232-105b-49cd-96b8-4e7b0c49fe42</ProjectId>
      <CorrelationId>ModuleBuilder.Typescript.Templates.TypescriptTemplate.PreProcessT4#8c5aa670-87d7-4977-b41a-db6a322133a6</CorrelationId>
      <OverwriteBehaviour>always</OverwriteBehaviour>
      <ApplicationRelativeFilePath>../../src/Aryzac.IO.Client.Nuxt/Templates/Files/NuxtConfig/NuxtConfigTemplate.cs</ApplicationRelativeFilePath>
      <ProjectRelativeFilePath>Files/NuxtConfig/NuxtConfigTemplate.cs</ProjectRelativeFilePath>
      <IsIgnored>false</IsIgnored>
    </FileLog>
    <FileLog>
      <ProjectId>e1d41232-105b-49cd-96b8-4e7b0c49fe42</ProjectId>
      <CorrelationId>Intent.ModuleBuilder.TypeScript.Templates.TypescriptTemplateT4#8c5aa670-87d7-4977-b41a-db6a322133a6</CorrelationId>
      <OverwriteBehaviour>always</OverwriteBehaviour>
      <ApplicationRelativeFilePath>../../src/Aryzac.IO.Client.Nuxt/Templates/Files/NuxtConfig/NuxtConfigTemplate.tt</ApplicationRelativeFilePath>
      <ProjectRelativeFilePath>Files/NuxtConfig/NuxtConfigTemplate.tt</ProjectRelativeFilePath>
      <IsIgnored>false</IsIgnored>
    </FileLog>
    <FileLog>
      <ProjectId>e1d41232-105b-49cd-96b8-4e7b0c49fe42</ProjectId>
      <CorrelationId>Intent.ModuleBuilder.TypeScript.Templates.TypescriptTemplatePartial#8c5aa670-87d7-4977-b41a-db6a322133a6</CorrelationId>
      <OverwriteBehaviour>always</OverwriteBehaviour>
      <ApplicationRelativeFilePath>../../src/Aryzac.IO.Client.Nuxt/Templates/Files/NuxtConfig/NuxtConfigTemplatePartial.cs</ApplicationRelativeFilePath>
      <ProjectRelativeFilePath>Files/NuxtConfig/NuxtConfigTemplatePartial.cs</ProjectRelativeFilePath>
      <IsIgnored>false</IsIgnored>
    </FileLog>
    <FileLog>
      <ProjectId>e1d41232-105b-49cd-96b8-4e7b0c49fe42</ProjectId>
      <CorrelationId>Intent.ModuleBuilder.TemplateRegistration.SingleFileNoModel#8c5aa670-87d7-4977-b41a-db6a322133a6</CorrelationId>
      <OverwriteBehaviour>always</OverwriteBehaviour>
      <ApplicationRelativeFilePath>../../src/Aryzac.IO.Client.Nuxt/Templates/Files/NuxtConfig/NuxtConfigTemplateRegistration.cs</ApplicationRelativeFilePath>
      <ProjectRelativeFilePath>Files/NuxtConfig/NuxtConfigTemplateRegistration.cs</ProjectRelativeFilePath>
      <IsIgnored>false</IsIgnored>
    </FileLog>
    <FileLog>
      <ProjectId>e1d41232-105b-49cd-96b8-4e7b0c49fe42</ProjectId>
      <CorrelationId>Intent.ModuleBuilder.ProjectItemTemplate.Partial#5e487ffe-2bb3-4efb-bc91-7e78d18a1422</CorrelationId>
      <OverwriteBehaviour>always</OverwriteBehaviour>
      <ApplicationRelativeFilePath>../../src/Aryzac.IO.Client.Nuxt/Templates/Files/Package/PackageTemplatePartial.cs</ApplicationRelativeFilePath>
      <ProjectRelativeFilePath>Files/Package/PackageTemplatePartial.cs</ProjectRelativeFilePath>
      <IsIgnored>false</IsIgnored>
    </FileLog>
    <FileLog>
      <ProjectId>e1d41232-105b-49cd-96b8-4e7b0c49fe42</ProjectId>
      <CorrelationId>Intent.ModuleBuilder.TemplateRegistration.SingleFileNoModel#5e487ffe-2bb3-4efb-bc91-7e78d18a1422</CorrelationId>
      <OverwriteBehaviour>always</OverwriteBehaviour>
      <ApplicationRelativeFilePath>../../src/Aryzac.IO.Client.Nuxt/Templates/Files/Package/PackageTemplateRegistration.cs</ApplicationRelativeFilePath>
      <ProjectRelativeFilePath>Files/Package/PackageTemplateRegistration.cs</ProjectRelativeFilePath>
      <IsIgnored>false</IsIgnored>
    </FileLog>
    <FileLog>
      <ProjectId>e1d41232-105b-49cd-96b8-4e7b0c49fe42</ProjectId>
      <CorrelationId>Intent.ModuleBuilder.ProjectItemTemplate.T4Template.PreProcessed#57fa8ff2-2b56-40e8-b66b-e1829d58a4dd</CorrelationId>
      <OverwriteBehaviour>always</OverwriteBehaviour>
      <ApplicationRelativeFilePath>../../src/Aryzac.IO.Client.Nuxt/Templates/Files/Pages/Page/PageTemplate.cs</ApplicationRelativeFilePath>
      <ProjectRelativeFilePath>Files/Pages/Page/PageTemplate.cs</ProjectRelativeFilePath>
      <IsIgnored>false</IsIgnored>
    </FileLog>
    <FileLog>
      <ProjectId>e1d41232-105b-49cd-96b8-4e7b0c49fe42</ProjectId>
      <CorrelationId>Intent.ModuleBuilder.Templates.FileTemplateT4#57fa8ff2-2b56-40e8-b66b-e1829d58a4dd</CorrelationId>
      <OverwriteBehaviour>always</OverwriteBehaviour>
      <ApplicationRelativeFilePath>../../src/Aryzac.IO.Client.Nuxt/Templates/Files/Pages/Page/PageTemplate.tt</ApplicationRelativeFilePath>
      <ProjectRelativeFilePath>Files/Pages/Page/PageTemplate.tt</ProjectRelativeFilePath>
      <IsIgnored>false</IsIgnored>
    </FileLog>
    <FileLog>
      <ProjectId>e1d41232-105b-49cd-96b8-4e7b0c49fe42</ProjectId>
      <CorrelationId>Intent.ModuleBuilder.ProjectItemTemplate.Partial#57fa8ff2-2b56-40e8-b66b-e1829d58a4dd</CorrelationId>
      <OverwriteBehaviour>always</OverwriteBehaviour>
      <ApplicationRelativeFilePath>../../src/Aryzac.IO.Client.Nuxt/Templates/Files/Pages/Page/PageTemplatePartial.cs</ApplicationRelativeFilePath>
      <ProjectRelativeFilePath>Files/Pages/Page/PageTemplatePartial.cs</ProjectRelativeFilePath>
      <IsIgnored>false</IsIgnored>
    </FileLog>
    <FileLog>
      <ProjectId>e1d41232-105b-49cd-96b8-4e7b0c49fe42</ProjectId>
      <CorrelationId>Intent.ModuleBuilder.TemplateRegistration.FilePerModel#57fa8ff2-2b56-40e8-b66b-e1829d58a4dd</CorrelationId>
      <OverwriteBehaviour>always</OverwriteBehaviour>
      <ApplicationRelativeFilePath>../../src/Aryzac.IO.Client.Nuxt/Templates/Files/Pages/Page/PageTemplateRegistration.cs</ApplicationRelativeFilePath>
      <ProjectRelativeFilePath>Files/Pages/Page/PageTemplateRegistration.cs</ProjectRelativeFilePath>
      <IsIgnored>false</IsIgnored>
    </FileLog>
    <FileLog>
      <ProjectId>e1d41232-105b-49cd-96b8-4e7b0c49fe42</ProjectId>
      <CorrelationId>Intent.ModuleBuilder.ProjectItemTemplate.Partial#356d4a75-8978-4a7f-97f7-69b7464f8a0d</CorrelationId>
      <OverwriteBehaviour>always</OverwriteBehaviour>
      <ApplicationRelativeFilePath>../../src/Aryzac.IO.Client.Nuxt/Templates/Files/Pages/PageI18n/PageI18nTemplatePartial.cs</ApplicationRelativeFilePath>
      <ProjectRelativeFilePath>Files/Pages/PageI18n/PageI18nTemplatePartial.cs</ProjectRelativeFilePath>
      <IsIgnored>false</IsIgnored>
    </FileLog>
    <FileLog>
      <ProjectId>e1d41232-105b-49cd-96b8-4e7b0c49fe42</ProjectId>
      <CorrelationId>Intent.ModuleBuilder.TemplateRegistration.FilePerModel#356d4a75-8978-4a7f-97f7-69b7464f8a0d</CorrelationId>
      <OverwriteBehaviour>always</OverwriteBehaviour>
      <ApplicationRelativeFilePath>../../src/Aryzac.IO.Client.Nuxt/Templates/Files/Pages/PageI18n/PageI18nTemplateRegistration.cs</ApplicationRelativeFilePath>
      <ProjectRelativeFilePath>Files/Pages/PageI18n/PageI18nTemplateRegistration.cs</ProjectRelativeFilePath>
      <IsIgnored>false</IsIgnored>
    </FileLog>
    <FileLog>
      <ProjectId>e1d41232-105b-49cd-96b8-4e7b0c49fe42</ProjectId>
      <CorrelationId>Intent.ModuleBuilder.TypeScript.Templates.TypescriptTemplatePartial#243a7da8-d571-4525-a67c-4b3061b380d5</CorrelationId>
      <OverwriteBehaviour>always</OverwriteBehaviour>
      <ApplicationRelativeFilePath>../../src/Aryzac.IO.Client.Nuxt/Templates/Files/Services/ServiceProxy/ServiceProxyTemplatePartial.cs</ApplicationRelativeFilePath>
      <ProjectRelativeFilePath>Files/Services/ServiceProxy/ServiceProxyTemplatePartial.cs</ProjectRelativeFilePath>
      <IsIgnored>false</IsIgnored>
    </FileLog>
    <FileLog>
      <ProjectId>e1d41232-105b-49cd-96b8-4e7b0c49fe42</ProjectId>
      <CorrelationId>Intent.ModuleBuilder.TemplateRegistration.FilePerModel#243a7da8-d571-4525-a67c-4b3061b380d5</CorrelationId>
      <OverwriteBehaviour>always</OverwriteBehaviour>
      <ApplicationRelativeFilePath>../../src/Aryzac.IO.Client.Nuxt/Templates/Files/Services/ServiceProxy/ServiceProxyTemplateRegistration.cs</ApplicationRelativeFilePath>
      <ProjectRelativeFilePath>Files/Services/ServiceProxy/ServiceProxyTemplateRegistration.cs</ProjectRelativeFilePath>
      <IsIgnored>false</IsIgnored>
    </FileLog>
    <FileLog>
      <ProjectId>e1d41232-105b-49cd-96b8-4e7b0c49fe42</ProjectId>
      <CorrelationId>Intent.ModuleBuilder.Templates.StaticContentTemplateRegistration#5a68e31b-f70c-4874-8fd7-a7b603dba5a6</CorrelationId>
      <OverwriteBehaviour>always</OverwriteBehaviour>
      <ApplicationRelativeFilePath>../../src/Aryzac.IO.Client.Nuxt/Templates/Files/StaticContentTemplateRegistrations/StaticContentTemplateRegistration.cs</ApplicationRelativeFilePath>
      <ProjectRelativeFilePath>Files/StaticContentTemplateRegistrations/StaticContentTemplateRegistration.cs</ProjectRelativeFilePath>
      <IsIgnored>false</IsIgnored>
    </FileLog>
    <FileLog>
      <ProjectId>e1d41232-105b-49cd-96b8-4e7b0c49fe42</ProjectId>
      <CorrelationId>Intent.ModuleBuilder.TypeScript.Templates.TypescriptTemplatePartial#ff2162e0-686a-4e5f-a945-a27397e6280e</CorrelationId>
      <OverwriteBehaviour>always</OverwriteBehaviour>
      <ApplicationRelativeFilePath>../../src/Aryzac.IO.Client.Nuxt/Templates/Files/Structs/Components/Models/ModelsTemplatePartial.cs</ApplicationRelativeFilePath>
      <ProjectRelativeFilePath>Files/Structs/Components/Models/ModelsTemplatePartial.cs</ProjectRelativeFilePath>
      <IsIgnored>false</IsIgnored>
    </FileLog>
    <FileLog>
      <ProjectId>e1d41232-105b-49cd-96b8-4e7b0c49fe42</ProjectId>
      <CorrelationId>Intent.ModuleBuilder.TemplateRegistration.FilePerModel#ff2162e0-686a-4e5f-a945-a27397e6280e</CorrelationId>
      <OverwriteBehaviour>always</OverwriteBehaviour>
      <ApplicationRelativeFilePath>../../src/Aryzac.IO.Client.Nuxt/Templates/Files/Structs/Components/Models/ModelsTemplateRegistration.cs</ApplicationRelativeFilePath>
      <ProjectRelativeFilePath>Files/Structs/Components/Models/ModelsTemplateRegistration.cs</ProjectRelativeFilePath>
      <IsIgnored>false</IsIgnored>
    </FileLog>
    <FileLog>
      <ProjectId>e1d41232-105b-49cd-96b8-4e7b0c49fe42</ProjectId>
      <CorrelationId>Intent.ModuleBuilder.TypeScript.Templates.TypescriptTemplatePartial#b95a53f4-5d9f-40af-9064-f2860de4a5ce</CorrelationId>
      <OverwriteBehaviour>always</OverwriteBehaviour>
      <ApplicationRelativeFilePath>../../src/Aryzac.IO.Client.Nuxt/Templates/Files/Structs/Components/Props/PropsTemplatePartial.cs</ApplicationRelativeFilePath>
      <ProjectRelativeFilePath>Files/Structs/Components/Props/PropsTemplatePartial.cs</ProjectRelativeFilePath>
      <IsIgnored>false</IsIgnored>
    </FileLog>
    <FileLog>
      <ProjectId>e1d41232-105b-49cd-96b8-4e7b0c49fe42</ProjectId>
      <CorrelationId>Intent.ModuleBuilder.TemplateRegistration.FilePerModel#b95a53f4-5d9f-40af-9064-f2860de4a5ce</CorrelationId>
      <OverwriteBehaviour>always</OverwriteBehaviour>
      <ApplicationRelativeFilePath>../../src/Aryzac.IO.Client.Nuxt/Templates/Files/Structs/Components/Props/PropsTemplateRegistration.cs</ApplicationRelativeFilePath>
      <ProjectRelativeFilePath>Files/Structs/Components/Props/PropsTemplateRegistration.cs</ProjectRelativeFilePath>
      <IsIgnored>false</IsIgnored>
    </FileLog>
    <FileLog>
      <ProjectId>e1d41232-105b-49cd-96b8-4e7b0c49fe42</ProjectId>
      <CorrelationId>Intent.ModuleBuilder.TypeScript.Templates.TypescriptTemplatePartial#69e8c247-ced9-4cbc-ace8-87ec4154409e</CorrelationId>
      <OverwriteBehaviour>always</OverwriteBehaviour>
      <ApplicationRelativeFilePath>../../src/Aryzac.IO.Client.Nuxt/Templates/Files/Structs/DTOs/DTO/DTOTemplatePartial.cs</ApplicationRelativeFilePath>
      <ProjectRelativeFilePath>Files/Structs/DTOs/DTO/DTOTemplatePartial.cs</ProjectRelativeFilePath>
      <IsIgnored>false</IsIgnored>
    </FileLog>
    <FileLog>
      <ProjectId>e1d41232-105b-49cd-96b8-4e7b0c49fe42</ProjectId>
      <CorrelationId>Intent.ModuleBuilder.TemplateRegistration.FilePerModel#69e8c247-ced9-4cbc-ace8-87ec4154409e</CorrelationId>
      <OverwriteBehaviour>always</OverwriteBehaviour>
      <ApplicationRelativeFilePath>../../src/Aryzac.IO.Client.Nuxt/Templates/Files/Structs/DTOs/DTO/DTOTemplateRegistration.cs</ApplicationRelativeFilePath>
      <ProjectRelativeFilePath>Files/Structs/DTOs/DTO/DTOTemplateRegistration.cs</ProjectRelativeFilePath>
      <IsIgnored>false</IsIgnored>
    </FileLog>
    <FileLog>
      <ProjectId>e1d41232-105b-49cd-96b8-4e7b0c49fe42</ProjectId>
      <CorrelationId>ModuleBuilder.Typescript.Templates.TypescriptTemplate.PreProcessT4#aff1b9b4-a9bf-43ec-97d3-225ee8e15f6b</CorrelationId>
      <OverwriteBehaviour>always</OverwriteBehaviour>
      <ApplicationRelativeFilePath>../../src/Aryzac.IO.Client.Nuxt/Templates/Files/Structs/DTOs/JsonResponse/JsonResponseTemplate.cs</ApplicationRelativeFilePath>
      <ProjectRelativeFilePath>Files/Structs/DTOs/JsonResponse/JsonResponseTemplate.cs</ProjectRelativeFilePath>
      <IsIgnored>false</IsIgnored>
    </FileLog>
    <FileLog>
      <ProjectId>e1d41232-105b-49cd-96b8-4e7b0c49fe42</ProjectId>
      <CorrelationId>Intent.ModuleBuilder.TypeScript.Templates.TypescriptTemplateT4#aff1b9b4-a9bf-43ec-97d3-225ee8e15f6b</CorrelationId>
      <OverwriteBehaviour>always</OverwriteBehaviour>
      <ApplicationRelativeFilePath>../../src/Aryzac.IO.Client.Nuxt/Templates/Files/Structs/DTOs/JsonResponse/JsonResponseTemplate.tt</ApplicationRelativeFilePath>
      <ProjectRelativeFilePath>Files/Structs/DTOs/JsonResponse/JsonResponseTemplate.tt</ProjectRelativeFilePath>
      <IsIgnored>false</IsIgnored>
    </FileLog>
    <FileLog>
      <ProjectId>e1d41232-105b-49cd-96b8-4e7b0c49fe42</ProjectId>
      <CorrelationId>Intent.ModuleBuilder.TypeScript.Templates.TypescriptTemplatePartial#aff1b9b4-a9bf-43ec-97d3-225ee8e15f6b</CorrelationId>
      <OverwriteBehaviour>always</OverwriteBehaviour>
      <ApplicationRelativeFilePath>../../src/Aryzac.IO.Client.Nuxt/Templates/Files/Structs/DTOs/JsonResponse/JsonResponseTemplatePartial.cs</ApplicationRelativeFilePath>
      <ProjectRelativeFilePath>Files/Structs/DTOs/JsonResponse/JsonResponseTemplatePartial.cs</ProjectRelativeFilePath>
      <IsIgnored>false</IsIgnored>
    </FileLog>
    <FileLog>
      <ProjectId>e1d41232-105b-49cd-96b8-4e7b0c49fe42</ProjectId>
      <CorrelationId>Intent.ModuleBuilder.TemplateRegistration.SingleFileNoModel#aff1b9b4-a9bf-43ec-97d3-225ee8e15f6b</CorrelationId>
      <OverwriteBehaviour>always</OverwriteBehaviour>
      <ApplicationRelativeFilePath>../../src/Aryzac.IO.Client.Nuxt/Templates/Files/Structs/DTOs/JsonResponse/JsonResponseTemplateRegistration.cs</ApplicationRelativeFilePath>
      <ProjectRelativeFilePath>Files/Structs/DTOs/JsonResponse/JsonResponseTemplateRegistration.cs</ProjectRelativeFilePath>
      <IsIgnored>false</IsIgnored>
    </FileLog>
    <FileLog>
      <ProjectId>e1d41232-105b-49cd-96b8-4e7b0c49fe42</ProjectId>
      <CorrelationId>Intent.ModuleBuilder.Templates.TemplateExtensions</CorrelationId>
      <OverwriteBehaviour>always</OverwriteBehaviour>
      <ApplicationRelativeFilePath>../../src/Aryzac.IO.Client.Nuxt/Templates/TemplateExtensions.cs</ApplicationRelativeFilePath>
      <ProjectRelativeFilePath>TemplateExtensions.cs</ProjectRelativeFilePath>
      <IsIgnored>false</IsIgnored>
    </FileLog>
    <FileLog>
      <CorrelationId>Intent.VisualStudio.Projects.VisualStudioSolution#b9873347-0734-4f4b-9724-e1b0ea650a27</CorrelationId>
      <OverwriteBehaviour>always</OverwriteBehaviour>
      <ApplicationRelativeFilePath>../../src/aryzac.io.Modules.sln</ApplicationRelativeFilePath>
      <IsIgnored>false</IsIgnored>
    </FileLog>
  </FileLogs>
</outputLog>