<?xml version="1.0" encoding="utf-8"?>
<outputLog>
  <ApplicationId>b8a1d402-c8bd-40e9-a353-1d8943821e5b</ApplicationId>
  <FileLogs>
    <FileLog>
      <ProjectId>ff125392-4758-4f89-8351-5af71083ed0c</ProjectId>
      <CorrelationId>Intent.ModuleBuilder.Templates.Api.ApiElementModel#f3bc6295-b016-4611-94f0-ddea1f0aa2a8</CorrelationId>
      <OverwriteBehaviour>always</OverwriteBehaviour>
      <ApplicationRelativeFilePath>../../src/Aryzac.IO.Modules.Client/Api/BreadcrumbNavigationModel.cs</ApplicationRelativeFilePath>
      <ProjectRelativeFilePath>BreadcrumbNavigationModel.cs</ProjectRelativeFilePath>
      <IsIgnored>false</IsIgnored>
    </FileLog>
    <FileLog>
      <ProjectId>ff125392-4758-4f89-8351-5af71083ed0c</ProjectId>
      <CorrelationId>Intent.ModuleBuilder.Templates.Api.ApiPackageModel#8a67e242-ece1-4095-91ce-4b1bbd3036b2</CorrelationId>
      <OverwriteBehaviour>always</OverwriteBehaviour>
      <ApplicationRelativeFilePath>../../src/Aryzac.IO.Modules.Client/Api/ClientModel.cs</ApplicationRelativeFilePath>
      <ProjectRelativeFilePath>ClientModel.cs</ProjectRelativeFilePath>
      <IsIgnored>false</IsIgnored>
    </FileLog>
    <FileLog>
      <ProjectId>ff125392-4758-4f89-8351-5af71083ed0c</ProjectId>
      <CorrelationId>Intent.ModuleBuilder.Templates.Api.ApiElementModel#ca698be1-3d9a-4a36-8415-a452954d9d00</CorrelationId>
      <OverwriteBehaviour>always</OverwriteBehaviour>
      <ApplicationRelativeFilePath>../../src/Aryzac.IO.Modules.Client/Api/ComponentFolderModel.cs</ApplicationRelativeFilePath>
      <ProjectRelativeFilePath>ComponentFolderModel.cs</ProjectRelativeFilePath>
      <IsIgnored>false</IsIgnored>
    </FileLog>
    <FileLog>
      <ProjectId>ff125392-4758-4f89-8351-5af71083ed0c</ProjectId>
      <CorrelationId>Intent.ModuleBuilder.Templates.Api.ApiElementModel#854137dd-0e21-4076-adb9-404c4b1a782e</CorrelationId>
      <OverwriteBehaviour>always</OverwriteBehaviour>
      <ApplicationRelativeFilePath>../../src/Aryzac.IO.Modules.Client/Api/ComponentModel.cs</ApplicationRelativeFilePath>
      <ProjectRelativeFilePath>ComponentModel.cs</ProjectRelativeFilePath>
      <IsIgnored>false</IsIgnored>
    </FileLog>
    <FileLog>
      <ProjectId>ff125392-4758-4f89-8351-5af71083ed0c</ProjectId>
      <CorrelationId>Intent.ModuleBuilder.Templates.Api.ApiElementModel#07b847f0-5ea2-4685-bfe0-c06a6b585fdf</CorrelationId>
      <OverwriteBehaviour>always</OverwriteBehaviour>
      <ApplicationRelativeFilePath>../../src/Aryzac.IO.Modules.Client/Api/ComponentsModel.cs</ApplicationRelativeFilePath>
      <ProjectRelativeFilePath>ComponentsModel.cs</ProjectRelativeFilePath>
      <IsIgnored>false</IsIgnored>
    </FileLog>
    <FileLog>
      <ProjectId>ff125392-4758-4f89-8351-5af71083ed0c</ProjectId>
      <CorrelationId>Intent.ModuleBuilder.Templates.Api.ApiElementModel#256217fb-92b3-4b8f-9f50-7d33db1d4a7e</CorrelationId>
      <OverwriteBehaviour>always</OverwriteBehaviour>
      <ApplicationRelativeFilePath>../../src/Aryzac.IO.Modules.Client/Api/LayoutModel.cs</ApplicationRelativeFilePath>
      <ProjectRelativeFilePath>LayoutModel.cs</ProjectRelativeFilePath>
      <IsIgnored>false</IsIgnored>
    </FileLog>
    <FileLog>
      <ProjectId>ff125392-4758-4f89-8351-5af71083ed0c</ProjectId>
      <CorrelationId>Intent.ModuleBuilder.Templates.Api.ApiElementModel#60f6d7d6-ad05-41d4-830e-e2c3ffe452e4</CorrelationId>
      <OverwriteBehaviour>always</OverwriteBehaviour>
      <ApplicationRelativeFilePath>../../src/Aryzac.IO.Modules.Client/Api/LayoutsModel.cs</ApplicationRelativeFilePath>
      <ProjectRelativeFilePath>LayoutsModel.cs</ProjectRelativeFilePath>
      <IsIgnored>false</IsIgnored>
    </FileLog>
    <FileLog>
      <ProjectId>ff125392-4758-4f89-8351-5af71083ed0c</ProjectId>
      <CorrelationId>Intent.ModuleBuilder.Templates.Api.ApiElementModel#27ebf07c-5f47-49cb-8ccf-b5dc2cffa951</CorrelationId>
      <OverwriteBehaviour>always</OverwriteBehaviour>
      <ApplicationRelativeFilePath>../../src/Aryzac.IO.Modules.Client/Api/NavigationItemModel.cs</ApplicationRelativeFilePath>
      <ProjectRelativeFilePath>NavigationItemModel.cs</ProjectRelativeFilePath>
      <IsIgnored>false</IsIgnored>
    </FileLog>
    <FileLog>
      <ProjectId>ff125392-4758-4f89-8351-5af71083ed0c</ProjectId>
      <CorrelationId>Intent.ModuleBuilder.Templates.Api.ApiElementModelExtensions#27ebf07c-5f47-49cb-8ccf-b5dc2cffa951</CorrelationId>
      <OverwriteBehaviour>always</OverwriteBehaviour>
      <ApplicationRelativeFilePath>../../src/Aryzac.IO.Modules.Client/Api/NavigationItemModelStereotypeExtensions.cs</ApplicationRelativeFilePath>
      <ProjectRelativeFilePath>NavigationItemModelStereotypeExtensions.cs</ProjectRelativeFilePath>
      <IsIgnored>false</IsIgnored>
    </FileLog>
    <FileLog>
      <ProjectId>ff125392-4758-4f89-8351-5af71083ed0c</ProjectId>
      <CorrelationId>Intent.ModuleBuilder.Templates.Api.ApiElementModel#2ac3ea06-e2e0-4a5f-95ed-fa007618d3b0</CorrelationId>
      <OverwriteBehaviour>always</OverwriteBehaviour>
      <ApplicationRelativeFilePath>../../src/Aryzac.IO.Modules.Client/Api/NavigationLogoModel.cs</ApplicationRelativeFilePath>
      <ProjectRelativeFilePath>NavigationLogoModel.cs</ProjectRelativeFilePath>
      <IsIgnored>false</IsIgnored>
    </FileLog>
    <FileLog>
      <ProjectId>ff125392-4758-4f89-8351-5af71083ed0c</ProjectId>
      <CorrelationId>Intent.ModuleBuilder.Templates.Api.ApiElementModelExtensions#2ac3ea06-e2e0-4a5f-95ed-fa007618d3b0</CorrelationId>
      <OverwriteBehaviour>always</OverwriteBehaviour>
      <ApplicationRelativeFilePath>../../src/Aryzac.IO.Modules.Client/Api/NavigationLogoModelStereotypeExtensions.cs</ApplicationRelativeFilePath>
      <ProjectRelativeFilePath>NavigationLogoModelStereotypeExtensions.cs</ProjectRelativeFilePath>
      <IsIgnored>false</IsIgnored>
    </FileLog>
    <FileLog>
      <ProjectId>ff125392-4758-4f89-8351-5af71083ed0c</ProjectId>
      <CorrelationId>Intent.ModuleBuilder.Templates.Api.ApiElementModel#21b29545-9bd7-4cbd-85bb-3b548765031e</CorrelationId>
      <OverwriteBehaviour>always</OverwriteBehaviour>
      <ApplicationRelativeFilePath>../../src/Aryzac.IO.Modules.Client/Api/PageFolderModel.cs</ApplicationRelativeFilePath>
      <ProjectRelativeFilePath>PageFolderModel.cs</ProjectRelativeFilePath>
      <IsIgnored>false</IsIgnored>
    </FileLog>
    <FileLog>
      <ProjectId>ff125392-4758-4f89-8351-5af71083ed0c</ProjectId>
      <CorrelationId>Intent.ModuleBuilder.Templates.Api.ApiElementModel#89cf68f6-6f29-412a-bae2-31faed8280d9</CorrelationId>
      <OverwriteBehaviour>always</OverwriteBehaviour>
      <ApplicationRelativeFilePath>../../src/Aryzac.IO.Modules.Client/Api/PageModel.cs</ApplicationRelativeFilePath>
      <ProjectRelativeFilePath>PageModel.cs</ProjectRelativeFilePath>
      <IsIgnored>false</IsIgnored>
    </FileLog>
    <FileLog>
      <ProjectId>ff125392-4758-4f89-8351-5af71083ed0c</ProjectId>
      <CorrelationId>Intent.ModuleBuilder.Templates.Api.ApiElementModel#72608324-5d5a-4627-aecf-0b0d0f0f7f68</CorrelationId>
      <OverwriteBehaviour>always</OverwriteBehaviour>
      <ApplicationRelativeFilePath>../../src/Aryzac.IO.Modules.Client/Api/PagesModel.cs</ApplicationRelativeFilePath>
      <ProjectRelativeFilePath>PagesModel.cs</ProjectRelativeFilePath>
      <IsIgnored>false</IsIgnored>
    </FileLog>
    <FileLog>
      <ProjectId>ff125392-4758-4f89-8351-5af71083ed0c</ProjectId>
      <CorrelationId>Intent.ModuleBuilder.Templates.Api.ApiElementModel#4b1db728-6c2e-4ef2-a647-a50015a0a684</CorrelationId>
      <OverwriteBehaviour>always</OverwriteBehaviour>
      <ApplicationRelativeFilePath>../../src/Aryzac.IO.Modules.Client/Api/SidebarNavigationModel.cs</ApplicationRelativeFilePath>
      <ProjectRelativeFilePath>SidebarNavigationModel.cs</ProjectRelativeFilePath>
      <IsIgnored>false</IsIgnored>
    </FileLog>
    <FileLog>
      <ProjectId>ff125392-4758-4f89-8351-5af71083ed0c</ProjectId>
      <CorrelationId>Intent.ModuleBuilder.Templates.Api.ApiElementModel#3b2026bf-7e0e-47d3-aaa7-3fccb5739990</CorrelationId>
      <OverwriteBehaviour>always</OverwriteBehaviour>
      <ApplicationRelativeFilePath>../../src/Aryzac.IO.Modules.Client/Api/SidebarNavigationSectionModel.cs</ApplicationRelativeFilePath>
      <ProjectRelativeFilePath>SidebarNavigationSectionModel.cs</ProjectRelativeFilePath>
      <IsIgnored>false</IsIgnored>
    </FileLog>
    <FileLog>
      <ProjectId>ff125392-4758-4f89-8351-5af71083ed0c</ProjectId>
      <CorrelationId>Intent.ModuleBuilder.Templates.Api.ApiElementModel#4be6a3ee-337d-428c-9a2d-e8d306055ad5</CorrelationId>
      <OverwriteBehaviour>always</OverwriteBehaviour>
      <ApplicationRelativeFilePath>../../src/Aryzac.IO.Modules.Client/Api/TopNavigationModel.cs</ApplicationRelativeFilePath>
      <ProjectRelativeFilePath>TopNavigationModel.cs</ProjectRelativeFilePath>
      <IsIgnored>false</IsIgnored>
    </FileLog>
    <FileLog>
      <ProjectId>ff125392-4758-4f89-8351-5af71083ed0c</ProjectId>
      <CorrelationId>Intent.ModuleBuilder.Templates.Api.ApiElementModel#a7cf63d9-d23a-4a16-8088-f72e713c8c61</CorrelationId>
      <OverwriteBehaviour>always</OverwriteBehaviour>
      <ApplicationRelativeFilePath>../../src/Aryzac.IO.Modules.Client/Api/TopNavigationSectionModel.cs</ApplicationRelativeFilePath>
      <ProjectRelativeFilePath>TopNavigationSectionModel.cs</ProjectRelativeFilePath>
      <IsIgnored>false</IsIgnored>
    </FileLog>
    <FileLog>
      <ProjectId>090c2939-10be-463e-af60-28262cd3e67c</ProjectId>
      <CorrelationId>Intent.ModuleBuilder.Templates.Api.ApiMetadataDesignerExtensions</CorrelationId>
      <OverwriteBehaviour>always</OverwriteBehaviour>
      <ApplicationRelativeFilePath>../../src/Aryzac.IO.Modules.Client/ApiMetadataDesignerExtensions.cs</ApplicationRelativeFilePath>
      <ProjectRelativeFilePath>ApiMetadataDesignerExtensions.cs</ProjectRelativeFilePath>
      <IsIgnored>false</IsIgnored>
    </FileLog>
    <FileLog>
      <ProjectId>090c2939-10be-463e-af60-28262cd3e67c</ProjectId>
      <CorrelationId>Intent.ModuleBuilder.Templates.Api.ApiMetadataPackageExtensions</CorrelationId>
      <OverwriteBehaviour>always</OverwriteBehaviour>
      <ApplicationRelativeFilePath>../../src/Aryzac.IO.Modules.Client/ApiMetadataPackageExtensions.cs</ApplicationRelativeFilePath>
      <ProjectRelativeFilePath>ApiMetadataPackageExtensions.cs</ProjectRelativeFilePath>
      <IsIgnored>false</IsIgnored>
    </FileLog>
    <FileLog>
      <ProjectId>090c2939-10be-463e-af60-28262cd3e67c</ProjectId>
      <CorrelationId>Intent.ModuleBuilder.Templates.Api.ApiMetadataProviderExtensions</CorrelationId>
      <OverwriteBehaviour>always</OverwriteBehaviour>
      <ApplicationRelativeFilePath>../../src/Aryzac.IO.Modules.Client/ApiMetadataProviderExtensions.cs</ApplicationRelativeFilePath>
      <ProjectRelativeFilePath>ApiMetadataProviderExtensions.cs</ProjectRelativeFilePath>
      <IsIgnored>false</IsIgnored>
    </FileLog>
    <FileLog>
      <ProjectId>090c2939-10be-463e-af60-28262cd3e67c</ProjectId>
      <CorrelationId>Intent.VisualStudio.Projects.CoreLibrary.CSProject#090c2939-10be-463e-af60-28262cd3e67c</CorrelationId>
      <OverwriteBehaviour>always</OverwriteBehaviour>
      <ApplicationRelativeFilePath>../../src/Aryzac.IO.Modules.Client/Aryzac.IO.Modules.Client.csproj</ApplicationRelativeFilePath>
      <ProjectRelativeFilePath>Aryzac.IO.Modules.Client.csproj</ProjectRelativeFilePath>
      <IsIgnored>false</IsIgnored>
    </FileLog>
    <FileLog>
      <ProjectId>090c2939-10be-463e-af60-28262cd3e67c</ProjectId>
      <CorrelationId>Intent.ModuleBuilder.IModSpecFile</CorrelationId>
      <OverwriteBehaviour>always</OverwriteBehaviour>
      <ApplicationRelativeFilePath>../../src/Aryzac.IO.Modules.Client/Aryzac.IO.Modules.Client.imodspec</ApplicationRelativeFilePath>
      <ProjectRelativeFilePath>Aryzac.IO.Modules.Client.imodspec</ProjectRelativeFilePath>
      <IsIgnored>false</IsIgnored>
    </FileLog>
    <FileLog>
      <ProjectId>090c2939-10be-463e-af60-28262cd3e67c</ProjectId>
      <CorrelationId>Intent.ModuleBuilder.Templates.StaticContentOutputReadme#5a68e31b-f70c-4874-8fd7-a7b603dba5a6</CorrelationId>
      <OverwriteBehaviour>once-off</OverwriteBehaviour>
      <ApplicationRelativeFilePath>../../src/Aryzac.IO.Modules.Client/content/readme.txt</ApplicationRelativeFilePath>
      <ProjectRelativeFilePath>content/readme.txt</ProjectRelativeFilePath>
      <IsIgnored>false</IsIgnored>
    </FileLog>
    <FileLog>
      <ProjectId>7ade9117-4a53-43c5-9f03-686bb7dd7bb2</ProjectId>
      <CorrelationId>Intent.ModuleBuilder.DesignerSettings#7ab48245-c552-490e-9cba-4fc88178398a</CorrelationId>
      <OverwriteBehaviour>always</OverwriteBehaviour>
      <ApplicationRelativeFilePath>../../src/Aryzac.IO.Modules.Client/modelers/Client Settings.designer.settings</ApplicationRelativeFilePath>
      <ProjectRelativeFilePath>Client Settings.designer.settings</ProjectRelativeFilePath>
      <IsIgnored>false</IsIgnored>
    </FileLog>
    <FileLog>
      <ProjectId>7ade9117-4a53-43c5-9f03-686bb7dd7bb2</ProjectId>
      <CorrelationId>Intent.ModuleBuilder.DesignerConfig#53f80bcf-9efd-4631-a474-07fbe369fd95</CorrelationId>
      <OverwriteBehaviour>always</OverwriteBehaviour>
      <ApplicationRelativeFilePath>../../src/Aryzac.IO.Modules.Client/modelers/Client.designer.config</ApplicationRelativeFilePath>
      <ProjectRelativeFilePath>Client.designer.config</ProjectRelativeFilePath>
      <IsIgnored>false</IsIgnored>
    </FileLog>
    <FileLog>
      <ProjectId>2f58b796-4fac-480b-83fe-20ff5541f822</ProjectId>
      <CorrelationId>Intent.ModuleBuilder.ProjectItemTemplate.T4Template.PreProcessed#0859d70e-fde2-45a0-8dbd-91856245e4fc</CorrelationId>
      <OverwriteBehaviour>always</OverwriteBehaviour>
      <ApplicationRelativeFilePath>../../src/Aryzac.IO.Modules.Client/Templates/Components/Component/ComponentTemplate.cs</ApplicationRelativeFilePath>
      <ProjectRelativeFilePath>Components/Component/ComponentTemplate.cs</ProjectRelativeFilePath>
      <IsIgnored>false</IsIgnored>
    </FileLog>
    <FileLog>
      <ProjectId>2f58b796-4fac-480b-83fe-20ff5541f822</ProjectId>
      <CorrelationId>Intent.ModuleBuilder.Templates.FileTemplateT4#0859d70e-fde2-45a0-8dbd-91856245e4fc</CorrelationId>
      <OverwriteBehaviour>always</OverwriteBehaviour>
      <ApplicationRelativeFilePath>../../src/Aryzac.IO.Modules.Client/Templates/Components/Component/ComponentTemplate.tt</ApplicationRelativeFilePath>
      <ProjectRelativeFilePath>Components/Component/ComponentTemplate.tt</ProjectRelativeFilePath>
      <IsIgnored>false</IsIgnored>
    </FileLog>
    <FileLog>
      <ProjectId>2f58b796-4fac-480b-83fe-20ff5541f822</ProjectId>
      <CorrelationId>Intent.ModuleBuilder.ProjectItemTemplate.Partial#0859d70e-fde2-45a0-8dbd-91856245e4fc</CorrelationId>
      <OverwriteBehaviour>always</OverwriteBehaviour>
      <ApplicationRelativeFilePath>../../src/Aryzac.IO.Modules.Client/Templates/Components/Component/ComponentTemplatePartial.cs</ApplicationRelativeFilePath>
      <ProjectRelativeFilePath>Components/Component/ComponentTemplatePartial.cs</ProjectRelativeFilePath>
      <IsIgnored>false</IsIgnored>
    </FileLog>
    <FileLog>
      <ProjectId>2f58b796-4fac-480b-83fe-20ff5541f822</ProjectId>
      <CorrelationId>Intent.ModuleBuilder.TemplateRegistration.FilePerModel#0859d70e-fde2-45a0-8dbd-91856245e4fc</CorrelationId>
      <OverwriteBehaviour>always</OverwriteBehaviour>
      <ApplicationRelativeFilePath>../../src/Aryzac.IO.Modules.Client/Templates/Components/Component/ComponentTemplateRegistration.cs</ApplicationRelativeFilePath>
      <ProjectRelativeFilePath>Components/Component/ComponentTemplateRegistration.cs</ProjectRelativeFilePath>
      <IsIgnored>false</IsIgnored>
    </FileLog>
    <FileLog>
      <ProjectId>2f58b796-4fac-480b-83fe-20ff5541f822</ProjectId>
      <CorrelationId>Intent.ModuleBuilder.ProjectItemTemplate.T4Template.PreProcessed#92d3ff7c-d424-49a3-bc47-f0207b674c13</CorrelationId>
      <OverwriteBehaviour>always</OverwriteBehaviour>
      <ApplicationRelativeFilePath>../../src/Aryzac.IO.Modules.Client/Templates/Components/Layout/Components/ComponentsTemplate.cs</ApplicationRelativeFilePath>
      <ProjectRelativeFilePath>Components/Layout/Components/ComponentsTemplate.cs</ProjectRelativeFilePath>
      <IsIgnored>false</IsIgnored>
    </FileLog>
    <FileLog>
      <ProjectId>2f58b796-4fac-480b-83fe-20ff5541f822</ProjectId>
      <CorrelationId>Intent.ModuleBuilder.Templates.FileTemplateT4#92d3ff7c-d424-49a3-bc47-f0207b674c13</CorrelationId>
      <OverwriteBehaviour>always</OverwriteBehaviour>
      <ApplicationRelativeFilePath>../../src/Aryzac.IO.Modules.Client/Templates/Components/Layout/Components/ComponentsTemplate.tt</ApplicationRelativeFilePath>
      <ProjectRelativeFilePath>Components/Layout/Components/ComponentsTemplate.tt</ProjectRelativeFilePath>
      <IsIgnored>false</IsIgnored>
    </FileLog>
    <FileLog>
      <ProjectId>2f58b796-4fac-480b-83fe-20ff5541f822</ProjectId>
      <CorrelationId>Intent.ModuleBuilder.ProjectItemTemplate.Partial#92d3ff7c-d424-49a3-bc47-f0207b674c13</CorrelationId>
      <OverwriteBehaviour>always</OverwriteBehaviour>
      <ApplicationRelativeFilePath>../../src/Aryzac.IO.Modules.Client/Templates/Components/Layout/Components/ComponentsTemplatePartial.cs</ApplicationRelativeFilePath>
      <ProjectRelativeFilePath>Components/Layout/Components/ComponentsTemplatePartial.cs</ProjectRelativeFilePath>
      <IsIgnored>false</IsIgnored>
    </FileLog>
    <FileLog>
      <ProjectId>2f58b796-4fac-480b-83fe-20ff5541f822</ProjectId>
      <CorrelationId>Intent.ModuleBuilder.TemplateRegistration.SingleFileNoModel#92d3ff7c-d424-49a3-bc47-f0207b674c13</CorrelationId>
      <OverwriteBehaviour>always</OverwriteBehaviour>
      <ApplicationRelativeFilePath>../../src/Aryzac.IO.Modules.Client/Templates/Components/Layout/Components/ComponentsTemplateRegistration.cs</ApplicationRelativeFilePath>
      <ProjectRelativeFilePath>Components/Layout/Components/ComponentsTemplateRegistration.cs</ProjectRelativeFilePath>
      <IsIgnored>false</IsIgnored>
    </FileLog>
    <FileLog>
      <ProjectId>2f58b796-4fac-480b-83fe-20ff5541f822</ProjectId>
      <CorrelationId>Intent.ModuleBuilder.ProjectItemTemplate.T4Template.PreProcessed#2ce7aefc-0353-4af1-ad47-9c25624a5c49</CorrelationId>
      <OverwriteBehaviour>always</OverwriteBehaviour>
      <ApplicationRelativeFilePath>../../src/Aryzac.IO.Modules.Client/Templates/Layouts/Layout/LayoutTemplate.cs</ApplicationRelativeFilePath>
      <ProjectRelativeFilePath>Layouts/Layout/LayoutTemplate.cs</ProjectRelativeFilePath>
      <IsIgnored>false</IsIgnored>
    </FileLog>
    <FileLog>
      <ProjectId>2f58b796-4fac-480b-83fe-20ff5541f822</ProjectId>
      <CorrelationId>Intent.ModuleBuilder.Templates.FileTemplateT4#2ce7aefc-0353-4af1-ad47-9c25624a5c49</CorrelationId>
      <OverwriteBehaviour>always</OverwriteBehaviour>
      <ApplicationRelativeFilePath>../../src/Aryzac.IO.Modules.Client/Templates/Layouts/Layout/LayoutTemplate.tt</ApplicationRelativeFilePath>
      <ProjectRelativeFilePath>Layouts/Layout/LayoutTemplate.tt</ProjectRelativeFilePath>
      <IsIgnored>false</IsIgnored>
    </FileLog>
    <FileLog>
      <ProjectId>2f58b796-4fac-480b-83fe-20ff5541f822</ProjectId>
      <CorrelationId>Intent.ModuleBuilder.ProjectItemTemplate.Partial#2ce7aefc-0353-4af1-ad47-9c25624a5c49</CorrelationId>
      <OverwriteBehaviour>always</OverwriteBehaviour>
      <ApplicationRelativeFilePath>../../src/Aryzac.IO.Modules.Client/Templates/Layouts/Layout/LayoutTemplatePartial.cs</ApplicationRelativeFilePath>
      <ProjectRelativeFilePath>Layouts/Layout/LayoutTemplatePartial.cs</ProjectRelativeFilePath>
      <IsIgnored>false</IsIgnored>
    </FileLog>
    <FileLog>
      <ProjectId>2f58b796-4fac-480b-83fe-20ff5541f822</ProjectId>
      <CorrelationId>Intent.ModuleBuilder.TemplateRegistration.FilePerModel#2ce7aefc-0353-4af1-ad47-9c25624a5c49</CorrelationId>
      <OverwriteBehaviour>always</OverwriteBehaviour>
      <ApplicationRelativeFilePath>../../src/Aryzac.IO.Modules.Client/Templates/Layouts/Layout/LayoutTemplateRegistration.cs</ApplicationRelativeFilePath>
      <ProjectRelativeFilePath>Layouts/Layout/LayoutTemplateRegistration.cs</ProjectRelativeFilePath>
      <IsIgnored>false</IsIgnored>
    </FileLog>
    <FileLog>
      <ProjectId>2f58b796-4fac-480b-83fe-20ff5541f822</ProjectId>
      <CorrelationId>Intent.ModuleBuilder.ProjectItemTemplate.Partial#5e487ffe-2bb3-4efb-bc91-7e78d18a1422</CorrelationId>
      <OverwriteBehaviour>always</OverwriteBehaviour>
      <ApplicationRelativeFilePath>../../src/Aryzac.IO.Modules.Client/Templates/Package/PackageTemplatePartial.cs</ApplicationRelativeFilePath>
      <ProjectRelativeFilePath>Package/PackageTemplatePartial.cs</ProjectRelativeFilePath>
      <IsIgnored>false</IsIgnored>
    </FileLog>
    <FileLog>
      <ProjectId>2f58b796-4fac-480b-83fe-20ff5541f822</ProjectId>
      <CorrelationId>Intent.ModuleBuilder.TemplateRegistration.SingleFileNoModel#5e487ffe-2bb3-4efb-bc91-7e78d18a1422</CorrelationId>
      <OverwriteBehaviour>always</OverwriteBehaviour>
      <ApplicationRelativeFilePath>../../src/Aryzac.IO.Modules.Client/Templates/Package/PackageTemplateRegistration.cs</ApplicationRelativeFilePath>
      <ProjectRelativeFilePath>Package/PackageTemplateRegistration.cs</ProjectRelativeFilePath>
      <IsIgnored>false</IsIgnored>
    </FileLog>
    <FileLog>
      <ProjectId>2f58b796-4fac-480b-83fe-20ff5541f822</ProjectId>
      <CorrelationId>Intent.ModuleBuilder.ProjectItemTemplate.T4Template.PreProcessed#57fa8ff2-2b56-40e8-b66b-e1829d58a4dd</CorrelationId>
      <OverwriteBehaviour>always</OverwriteBehaviour>
      <ApplicationRelativeFilePath>../../src/Aryzac.IO.Modules.Client/Templates/Pages/Page/PageTemplate.cs</ApplicationRelativeFilePath>
      <ProjectRelativeFilePath>Pages/Page/PageTemplate.cs</ProjectRelativeFilePath>
      <IsIgnored>false</IsIgnored>
    </FileLog>
    <FileLog>
      <ProjectId>2f58b796-4fac-480b-83fe-20ff5541f822</ProjectId>
      <CorrelationId>Intent.ModuleBuilder.Templates.FileTemplateT4#57fa8ff2-2b56-40e8-b66b-e1829d58a4dd</CorrelationId>
      <OverwriteBehaviour>always</OverwriteBehaviour>
      <ApplicationRelativeFilePath>../../src/Aryzac.IO.Modules.Client/Templates/Pages/Page/PageTemplate.tt</ApplicationRelativeFilePath>
      <ProjectRelativeFilePath>Pages/Page/PageTemplate.tt</ProjectRelativeFilePath>
      <IsIgnored>false</IsIgnored>
    </FileLog>
    <FileLog>
      <ProjectId>2f58b796-4fac-480b-83fe-20ff5541f822</ProjectId>
      <CorrelationId>Intent.ModuleBuilder.ProjectItemTemplate.Partial#57fa8ff2-2b56-40e8-b66b-e1829d58a4dd</CorrelationId>
      <OverwriteBehaviour>always</OverwriteBehaviour>
      <ApplicationRelativeFilePath>../../src/Aryzac.IO.Modules.Client/Templates/Pages/Page/PageTemplatePartial.cs</ApplicationRelativeFilePath>
      <ProjectRelativeFilePath>Pages/Page/PageTemplatePartial.cs</ProjectRelativeFilePath>
      <IsIgnored>false</IsIgnored>
    </FileLog>
    <FileLog>
      <ProjectId>2f58b796-4fac-480b-83fe-20ff5541f822</ProjectId>
      <CorrelationId>Intent.ModuleBuilder.TemplateRegistration.FilePerModel#57fa8ff2-2b56-40e8-b66b-e1829d58a4dd</CorrelationId>
      <OverwriteBehaviour>always</OverwriteBehaviour>
      <ApplicationRelativeFilePath>../../src/Aryzac.IO.Modules.Client/Templates/Pages/Page/PageTemplateRegistration.cs</ApplicationRelativeFilePath>
      <ProjectRelativeFilePath>Pages/Page/PageTemplateRegistration.cs</ProjectRelativeFilePath>
      <IsIgnored>false</IsIgnored>
    </FileLog>
    <FileLog>
      <ProjectId>2f58b796-4fac-480b-83fe-20ff5541f822</ProjectId>
      <CorrelationId>Intent.ModuleBuilder.Templates.StaticContentTemplateRegistration#5a68e31b-f70c-4874-8fd7-a7b603dba5a6</CorrelationId>
      <OverwriteBehaviour>always</OverwriteBehaviour>
      <ApplicationRelativeFilePath>../../src/Aryzac.IO.Modules.Client/Templates/StaticContentTemplateRegistrations/StaticContentTemplateRegistration.cs</ApplicationRelativeFilePath>
      <ProjectRelativeFilePath>StaticContentTemplateRegistrations/StaticContentTemplateRegistration.cs</ProjectRelativeFilePath>
      <IsIgnored>false</IsIgnored>
    </FileLog>
    <FileLog>
      <CorrelationId>Intent.VisualStudio.Projects.VisualStudio2015Solution#ff6f8593-d094-420e-af88-1d6be2e01c38</CorrelationId>
      <OverwriteBehaviour>always</OverwriteBehaviour>
      <ApplicationRelativeFilePath>../../src/aryzac.io.Modules.sln</ApplicationRelativeFilePath>
      <IsIgnored>false</IsIgnored>
    </FileLog>
  </FileLogs>
</outputLog>