<?xml version="1.0" encoding="utf-8"?>
<outputLog>
  <ApplicationId>b8a1d402-c8bd-40e9-a353-1d8943821e5b</ApplicationId>
  <FileLogs>
    <FileLog>
      <ProjectId>ff125392-4758-4f89-8351-5af71083ed0c</ProjectId>
      <CorrelationId>Intent.ModuleBuilder.Templates.Api.ApiElementModel#420c5366-fd1b-4130-afab-45f4ece2cce2</CorrelationId>
      <OverwriteBehaviour>always</OverwriteBehaviour>
      <ApplicationRelativeFilePath>../../src/Aryzac.IO.Modules.Client/Api/ActionModel.cs</ApplicationRelativeFilePath>
      <ProjectRelativeFilePath>ActionModel.cs</ProjectRelativeFilePath>
      <IsIgnored>false</IsIgnored>
    </FileLog>
    <FileLog>
      <ProjectId>ff125392-4758-4f89-8351-5af71083ed0c</ProjectId>
      <CorrelationId>Intent.ModuleBuilder.Templates.Api.ApiElementModelExtensions#420c5366-fd1b-4130-afab-45f4ece2cce2</CorrelationId>
      <OverwriteBehaviour>always</OverwriteBehaviour>
      <ApplicationRelativeFilePath>../../src/Aryzac.IO.Modules.Client/Api/ActionModelStereotypeExtensions.cs</ApplicationRelativeFilePath>
      <ProjectRelativeFilePath>ActionModelStereotypeExtensions.cs</ProjectRelativeFilePath>
      <IsIgnored>false</IsIgnored>
    </FileLog>
    <FileLog>
      <ProjectId>ff125392-4758-4f89-8351-5af71083ed0c</ProjectId>
      <CorrelationId>Intent.ModuleBuilder.Templates.Api.ApiElementModel#ccc50dcf-42e3-4b91-8772-bb48739c17e8</CorrelationId>
      <OverwriteBehaviour>always</OverwriteBehaviour>
      <ApplicationRelativeFilePath>../../src/Aryzac.IO.Modules.Client/Api/ActionsModel.cs</ApplicationRelativeFilePath>
      <ProjectRelativeFilePath>ActionsModel.cs</ProjectRelativeFilePath>
      <IsIgnored>false</IsIgnored>
    </FileLog>
    <FileLog>
      <ProjectId>ff125392-4758-4f89-8351-5af71083ed0c</ProjectId>
      <CorrelationId>Intent.ModuleBuilder.Templates.Api.ApiElementModel#f3bc6295-b016-4611-94f0-ddea1f0aa2a8</CorrelationId>
      <OverwriteBehaviour>always</OverwriteBehaviour>
      <ApplicationRelativeFilePath>../../src/Aryzac.IO.Modules.Client/Api/BreadcrumbNavigationModel.cs</ApplicationRelativeFilePath>
      <ProjectRelativeFilePath>BreadcrumbNavigationModel.cs</ProjectRelativeFilePath>
      <IsIgnored>false</IsIgnored>
    </FileLog>
    <FileLog>
      <ProjectId>ff125392-4758-4f89-8351-5af71083ed0c</ProjectId>
      <CorrelationId>Intent.ModuleBuilder.Templates.Api.ApiElementModel#417dc03e-580b-450d-9d70-8a2a457d2a48</CorrelationId>
      <OverwriteBehaviour>always</OverwriteBehaviour>
      <ApplicationRelativeFilePath>../../src/Aryzac.IO.Modules.Client/Api/CheckboxModel.cs</ApplicationRelativeFilePath>
      <ProjectRelativeFilePath>CheckboxModel.cs</ProjectRelativeFilePath>
      <IsIgnored>false</IsIgnored>
    </FileLog>
    <FileLog>
      <ProjectId>ff125392-4758-4f89-8351-5af71083ed0c</ProjectId>
      <CorrelationId>Intent.ModuleBuilder.Templates.Api.ApiElementModelExtensions#417dc03e-580b-450d-9d70-8a2a457d2a48</CorrelationId>
      <OverwriteBehaviour>always</OverwriteBehaviour>
      <ApplicationRelativeFilePath>../../src/Aryzac.IO.Modules.Client/Api/CheckboxModelStereotypeExtensions.cs</ApplicationRelativeFilePath>
      <ProjectRelativeFilePath>CheckboxModelStereotypeExtensions.cs</ProjectRelativeFilePath>
      <IsIgnored>false</IsIgnored>
    </FileLog>
    <FileLog>
      <ProjectId>ff125392-4758-4f89-8351-5af71083ed0c</ProjectId>
      <CorrelationId>Intent.ModuleBuilder.Templates.Api.ApiElementModel#1f1e08b9-1927-4028-98bb-eaa4379c1e22</CorrelationId>
      <OverwriteBehaviour>always</OverwriteBehaviour>
      <ApplicationRelativeFilePath>../../src/Aryzac.IO.Modules.Client/Api/ColumnModel.cs</ApplicationRelativeFilePath>
      <ProjectRelativeFilePath>ColumnModel.cs</ProjectRelativeFilePath>
      <IsIgnored>false</IsIgnored>
    </FileLog>
    <FileLog>
      <ProjectId>ff125392-4758-4f89-8351-5af71083ed0c</ProjectId>
      <CorrelationId>Intent.ModuleBuilder.Templates.Api.ApiElementModel#52a388d5-ebcb-44d6-bbb7-8608597a06a8</CorrelationId>
      <OverwriteBehaviour>always</OverwriteBehaviour>
      <ApplicationRelativeFilePath>../../src/Aryzac.IO.Modules.Client/Api/ComponentCommandModel.cs</ApplicationRelativeFilePath>
      <ProjectRelativeFilePath>ComponentCommandModel.cs</ProjectRelativeFilePath>
      <IsIgnored>false</IsIgnored>
    </FileLog>
    <FileLog>
      <ProjectId>ff125392-4758-4f89-8351-5af71083ed0c</ProjectId>
      <CorrelationId>Intent.ModuleBuilder.Templates.Api.ApiElementModel#ca698be1-3d9a-4a36-8415-a452954d9d00</CorrelationId>
      <OverwriteBehaviour>always</OverwriteBehaviour>
      <ApplicationRelativeFilePath>../../src/Aryzac.IO.Modules.Client/Api/ComponentFolderModel.cs</ApplicationRelativeFilePath>
      <ProjectRelativeFilePath>ComponentFolderModel.cs</ProjectRelativeFilePath>
      <IsIgnored>false</IsIgnored>
    </FileLog>
    <FileLog>
      <ProjectId>ff125392-4758-4f89-8351-5af71083ed0c</ProjectId>
      <CorrelationId>Intent.ModuleBuilder.Templates.Api.ApiElementModel#ddb306a2-e900-4220-9373-76c2ddc79d85</CorrelationId>
      <OverwriteBehaviour>always</OverwriteBehaviour>
      <ApplicationRelativeFilePath>../../src/Aryzac.IO.Modules.Client/Api/ComponentFormModel.cs</ApplicationRelativeFilePath>
      <ProjectRelativeFilePath>ComponentFormModel.cs</ProjectRelativeFilePath>
      <IsIgnored>false</IsIgnored>
    </FileLog>
    <FileLog>
      <ProjectId>ff125392-4758-4f89-8351-5af71083ed0c</ProjectId>
      <CorrelationId>Intent.ModuleBuilder.Templates.Api.ApiElementModel#854137dd-0e21-4076-adb9-404c4b1a782e</CorrelationId>
      <OverwriteBehaviour>always</OverwriteBehaviour>
      <ApplicationRelativeFilePath>../../src/Aryzac.IO.Modules.Client/Api/ComponentModel.cs</ApplicationRelativeFilePath>
      <ProjectRelativeFilePath>ComponentModel.cs</ProjectRelativeFilePath>
      <IsIgnored>false</IsIgnored>
    </FileLog>
    <FileLog>
      <ProjectId>ff125392-4758-4f89-8351-5af71083ed0c</ProjectId>
      <CorrelationId>Intent.ModuleBuilder.Templates.Api.ApiElementModel#5ea98f58-c9ae-4cce-be36-e3a6dc54c92b</CorrelationId>
      <OverwriteBehaviour>always</OverwriteBehaviour>
      <ApplicationRelativeFilePath>../../src/Aryzac.IO.Modules.Client/Api/ComponentModelFieldModel.cs</ApplicationRelativeFilePath>
      <ProjectRelativeFilePath>ComponentModelFieldModel.cs</ProjectRelativeFilePath>
      <IsIgnored>false</IsIgnored>
    </FileLog>
    <FileLog>
      <ProjectId>ff125392-4758-4f89-8351-5af71083ed0c</ProjectId>
      <CorrelationId>Intent.ModuleBuilder.Templates.Api.ApiElementModel#5dd49ba4-69de-4298-b4b6-8bc717f03316</CorrelationId>
      <OverwriteBehaviour>always</OverwriteBehaviour>
      <ApplicationRelativeFilePath>../../src/Aryzac.IO.Modules.Client/Api/ComponentModelModel.cs</ApplicationRelativeFilePath>
      <ProjectRelativeFilePath>ComponentModelModel.cs</ProjectRelativeFilePath>
      <IsIgnored>false</IsIgnored>
    </FileLog>
    <FileLog>
      <ProjectId>ff125392-4758-4f89-8351-5af71083ed0c</ProjectId>
      <CorrelationId>Intent.ModuleBuilder.Templates.Api.ApiElementModel#44efb0cd-7b3c-4dcf-a52d-7c947c8a8bab</CorrelationId>
      <OverwriteBehaviour>always</OverwriteBehaviour>
      <ApplicationRelativeFilePath>../../src/Aryzac.IO.Modules.Client/Api/ComponentParameterModel.cs</ApplicationRelativeFilePath>
      <ProjectRelativeFilePath>ComponentParameterModel.cs</ProjectRelativeFilePath>
      <IsIgnored>false</IsIgnored>
    </FileLog>
    <FileLog>
      <ProjectId>ff125392-4758-4f89-8351-5af71083ed0c</ProjectId>
      <CorrelationId>Intent.ModuleBuilder.Templates.Api.ApiElementModel#bfacaee7-4850-4353-bb99-6b52b81fc804</CorrelationId>
      <OverwriteBehaviour>always</OverwriteBehaviour>
      <ApplicationRelativeFilePath>../../src/Aryzac.IO.Modules.Client/Api/ComponentQueryModel.cs</ApplicationRelativeFilePath>
      <ProjectRelativeFilePath>ComponentQueryModel.cs</ProjectRelativeFilePath>
      <IsIgnored>false</IsIgnored>
    </FileLog>
    <FileLog>
      <ProjectId>ff125392-4758-4f89-8351-5af71083ed0c</ProjectId>
      <CorrelationId>Intent.ModuleBuilder.Templates.Api.ApiElementModel#07b847f0-5ea2-4685-bfe0-c06a6b585fdf</CorrelationId>
      <OverwriteBehaviour>always</OverwriteBehaviour>
      <ApplicationRelativeFilePath>../../src/Aryzac.IO.Modules.Client/Api/ComponentsModel.cs</ApplicationRelativeFilePath>
      <ProjectRelativeFilePath>ComponentsModel.cs</ProjectRelativeFilePath>
      <IsIgnored>false</IsIgnored>
    </FileLog>
    <FileLog>
      <ProjectId>ff125392-4758-4f89-8351-5af71083ed0c</ProjectId>
      <CorrelationId>Intent.ModuleBuilder.Templates.Api.ApiElementModel#8115da3e-0465-4d16-8a37-f85eec26a127</CorrelationId>
      <OverwriteBehaviour>always</OverwriteBehaviour>
      <ApplicationRelativeFilePath>../../src/Aryzac.IO.Modules.Client/Api/ComponentViewModel.cs</ApplicationRelativeFilePath>
      <ProjectRelativeFilePath>ComponentViewModel.cs</ProjectRelativeFilePath>
      <IsIgnored>false</IsIgnored>
    </FileLog>
    <FileLog>
      <ProjectId>ff125392-4758-4f89-8351-5af71083ed0c</ProjectId>
      <CorrelationId>Intent.ModuleBuilder.Templates.Api.ApiElementModel#adccab28-fba1-4462-b161-a112aa29327d</CorrelationId>
      <OverwriteBehaviour>always</OverwriteBehaviour>
      <ApplicationRelativeFilePath>../../src/Aryzac.IO.Modules.Client/Api/ControlsModel.cs</ApplicationRelativeFilePath>
      <ProjectRelativeFilePath>ControlsModel.cs</ProjectRelativeFilePath>
      <IsIgnored>false</IsIgnored>
    </FileLog>
    <FileLog>
      <ProjectId>ff125392-4758-4f89-8351-5af71083ed0c</ProjectId>
      <CorrelationId>Intent.ModuleBuilder.Templates.Api.ApiElementModel#e33dad05-f11e-4dde-86e7-984be7aac580</CorrelationId>
      <OverwriteBehaviour>always</OverwriteBehaviour>
      <ApplicationRelativeFilePath>../../src/Aryzac.IO.Modules.Client/Api/HeadingAttributeModel.cs</ApplicationRelativeFilePath>
      <ProjectRelativeFilePath>HeadingAttributeModel.cs</ProjectRelativeFilePath>
      <IsIgnored>false</IsIgnored>
    </FileLog>
    <FileLog>
      <ProjectId>ff125392-4758-4f89-8351-5af71083ed0c</ProjectId>
      <CorrelationId>Intent.ModuleBuilder.Templates.Api.ApiElementModelExtensions#e33dad05-f11e-4dde-86e7-984be7aac580</CorrelationId>
      <OverwriteBehaviour>always</OverwriteBehaviour>
      <ApplicationRelativeFilePath>../../src/Aryzac.IO.Modules.Client/Api/HeadingAttributeModelStereotypeExtensions.cs</ApplicationRelativeFilePath>
      <ProjectRelativeFilePath>HeadingAttributeModelStereotypeExtensions.cs</ProjectRelativeFilePath>
      <IsIgnored>false</IsIgnored>
    </FileLog>
    <FileLog>
      <ProjectId>ff125392-4758-4f89-8351-5af71083ed0c</ProjectId>
      <CorrelationId>Intent.ModuleBuilder.Templates.Api.ApiElementModel#2bf5bef0-a091-4ff8-a5d6-fe931a86616f</CorrelationId>
      <OverwriteBehaviour>always</OverwriteBehaviour>
      <ApplicationRelativeFilePath>../../src/Aryzac.IO.Modules.Client/Api/HeadingModel.cs</ApplicationRelativeFilePath>
      <ProjectRelativeFilePath>HeadingModel.cs</ProjectRelativeFilePath>
      <IsIgnored>false</IsIgnored>
    </FileLog>
    <FileLog>
      <ProjectId>ff125392-4758-4f89-8351-5af71083ed0c</ProjectId>
      <CorrelationId>Intent.ModuleBuilder.Templates.Api.ApiElementModelExtensions#2bf5bef0-a091-4ff8-a5d6-fe931a86616f</CorrelationId>
      <OverwriteBehaviour>always</OverwriteBehaviour>
      <ApplicationRelativeFilePath>../../src/Aryzac.IO.Modules.Client/Api/HeadingModelStereotypeExtensions.cs</ApplicationRelativeFilePath>
      <ProjectRelativeFilePath>HeadingModelStereotypeExtensions.cs</ProjectRelativeFilePath>
      <IsIgnored>false</IsIgnored>
    </FileLog>
    <FileLog>
      <ProjectId>ff125392-4758-4f89-8351-5af71083ed0c</ProjectId>
      <CorrelationId>Intent.ModuleBuilder.Templates.Api.ApiElementModel#116f426e-d474-4400-afa2-faec40f7255d</CorrelationId>
      <OverwriteBehaviour>always</OverwriteBehaviour>
      <ApplicationRelativeFilePath>../../src/Aryzac.IO.Modules.Client/Api/InheritedPageBreadcrumbModel.cs</ApplicationRelativeFilePath>
      <ProjectRelativeFilePath>InheritedPageBreadcrumbModel.cs</ProjectRelativeFilePath>
      <IsIgnored>false</IsIgnored>
    </FileLog>
    <FileLog>
      <ProjectId>ff125392-4758-4f89-8351-5af71083ed0c</ProjectId>
      <CorrelationId>Intent.ModuleBuilder.Templates.Api.ApiElementModel#9ca4af5b-3e0c-45dd-80d5-13144986df9c</CorrelationId>
      <OverwriteBehaviour>always</OverwriteBehaviour>
      <ApplicationRelativeFilePath>../../src/Aryzac.IO.Modules.Client/Api/LabelModel.cs</ApplicationRelativeFilePath>
      <ProjectRelativeFilePath>LabelModel.cs</ProjectRelativeFilePath>
      <IsIgnored>false</IsIgnored>
    </FileLog>
    <FileLog>
      <ProjectId>ff125392-4758-4f89-8351-5af71083ed0c</ProjectId>
      <CorrelationId>Intent.ModuleBuilder.Templates.Api.ApiElementModelExtensions#9ca4af5b-3e0c-45dd-80d5-13144986df9c</CorrelationId>
      <OverwriteBehaviour>always</OverwriteBehaviour>
      <ApplicationRelativeFilePath>../../src/Aryzac.IO.Modules.Client/Api/LabelModelStereotypeExtensions.cs</ApplicationRelativeFilePath>
      <ProjectRelativeFilePath>LabelModelStereotypeExtensions.cs</ProjectRelativeFilePath>
      <IsIgnored>false</IsIgnored>
    </FileLog>
    <FileLog>
      <ProjectId>ff125392-4758-4f89-8351-5af71083ed0c</ProjectId>
      <CorrelationId>Intent.ModuleBuilder.Templates.Api.ApiElementModel#256217fb-92b3-4b8f-9f50-7d33db1d4a7e</CorrelationId>
      <OverwriteBehaviour>always</OverwriteBehaviour>
      <ApplicationRelativeFilePath>../../src/Aryzac.IO.Modules.Client/Api/LayoutModel.cs</ApplicationRelativeFilePath>
      <ProjectRelativeFilePath>LayoutModel.cs</ProjectRelativeFilePath>
      <IsIgnored>false</IsIgnored>
    </FileLog>
    <FileLog>
      <ProjectId>ff125392-4758-4f89-8351-5af71083ed0c</ProjectId>
      <CorrelationId>Intent.ModuleBuilder.Templates.Api.ApiElementModel#60f6d7d6-ad05-41d4-830e-e2c3ffe452e4</CorrelationId>
      <OverwriteBehaviour>always</OverwriteBehaviour>
      <ApplicationRelativeFilePath>../../src/Aryzac.IO.Modules.Client/Api/LayoutsModel.cs</ApplicationRelativeFilePath>
      <ProjectRelativeFilePath>LayoutsModel.cs</ProjectRelativeFilePath>
      <IsIgnored>false</IsIgnored>
    </FileLog>
    <FileLog>
      <ProjectId>ff125392-4758-4f89-8351-5af71083ed0c</ProjectId>
      <CorrelationId>Intent.ModuleBuilder.Templates.Api.ApiElementModel#84a53da1-7d07-4bbd-ae08-88cd59406f6f</CorrelationId>
      <OverwriteBehaviour>always</OverwriteBehaviour>
      <ApplicationRelativeFilePath>../../src/Aryzac.IO.Modules.Client/Api/LocaleModel.cs</ApplicationRelativeFilePath>
      <ProjectRelativeFilePath>LocaleModel.cs</ProjectRelativeFilePath>
      <IsIgnored>false</IsIgnored>
    </FileLog>
    <FileLog>
      <ProjectId>ff125392-4758-4f89-8351-5af71083ed0c</ProjectId>
      <CorrelationId>Intent.ModuleBuilder.Templates.Api.ApiElementModelExtensions#84a53da1-7d07-4bbd-ae08-88cd59406f6f</CorrelationId>
      <OverwriteBehaviour>always</OverwriteBehaviour>
      <ApplicationRelativeFilePath>../../src/Aryzac.IO.Modules.Client/Api/LocaleModelStereotypeExtensions.cs</ApplicationRelativeFilePath>
      <ProjectRelativeFilePath>LocaleModelStereotypeExtensions.cs</ProjectRelativeFilePath>
      <IsIgnored>false</IsIgnored>
    </FileLog>
    <FileLog>
      <ProjectId>ff125392-4758-4f89-8351-5af71083ed0c</ProjectId>
      <CorrelationId>Intent.ModuleBuilder.Templates.Api.ApiElementModel#bc3ed158-45dd-4685-8ac2-99c774a15f2d</CorrelationId>
      <OverwriteBehaviour>always</OverwriteBehaviour>
      <ApplicationRelativeFilePath>../../src/Aryzac.IO.Modules.Client/Api/LocalesModel.cs</ApplicationRelativeFilePath>
      <ProjectRelativeFilePath>LocalesModel.cs</ProjectRelativeFilePath>
      <IsIgnored>false</IsIgnored>
    </FileLog>
    <FileLog>
      <ProjectId>ff125392-4758-4f89-8351-5af71083ed0c</ProjectId>
      <CorrelationId>Intent.ModuleBuilder.Templates.Api.ApiElementModel#27ebf07c-5f47-49cb-8ccf-b5dc2cffa951</CorrelationId>
      <OverwriteBehaviour>always</OverwriteBehaviour>
      <ApplicationRelativeFilePath>../../src/Aryzac.IO.Modules.Client/Api/NavigationItemModel.cs</ApplicationRelativeFilePath>
      <ProjectRelativeFilePath>NavigationItemModel.cs</ProjectRelativeFilePath>
      <IsIgnored>false</IsIgnored>
    </FileLog>
    <FileLog>
      <ProjectId>ff125392-4758-4f89-8351-5af71083ed0c</ProjectId>
      <CorrelationId>Intent.ModuleBuilder.Templates.Api.ApiElementModelExtensions#27ebf07c-5f47-49cb-8ccf-b5dc2cffa951</CorrelationId>
      <OverwriteBehaviour>always</OverwriteBehaviour>
      <ApplicationRelativeFilePath>../../src/Aryzac.IO.Modules.Client/Api/NavigationItemModelStereotypeExtensions.cs</ApplicationRelativeFilePath>
      <ProjectRelativeFilePath>NavigationItemModelStereotypeExtensions.cs</ProjectRelativeFilePath>
      <IsIgnored>false</IsIgnored>
    </FileLog>
    <FileLog>
      <ProjectId>ff125392-4758-4f89-8351-5af71083ed0c</ProjectId>
      <CorrelationId>Intent.ModuleBuilder.Templates.Api.ApiElementModel#2ac3ea06-e2e0-4a5f-95ed-fa007618d3b0</CorrelationId>
      <OverwriteBehaviour>always</OverwriteBehaviour>
      <ApplicationRelativeFilePath>../../src/Aryzac.IO.Modules.Client/Api/NavigationLogoModel.cs</ApplicationRelativeFilePath>
      <ProjectRelativeFilePath>NavigationLogoModel.cs</ProjectRelativeFilePath>
      <IsIgnored>false</IsIgnored>
    </FileLog>
    <FileLog>
      <ProjectId>ff125392-4758-4f89-8351-5af71083ed0c</ProjectId>
      <CorrelationId>Intent.ModuleBuilder.Templates.Api.ApiElementModelExtensions#2ac3ea06-e2e0-4a5f-95ed-fa007618d3b0</CorrelationId>
      <OverwriteBehaviour>always</OverwriteBehaviour>
      <ApplicationRelativeFilePath>../../src/Aryzac.IO.Modules.Client/Api/NavigationLogoModelStereotypeExtensions.cs</ApplicationRelativeFilePath>
      <ProjectRelativeFilePath>NavigationLogoModelStereotypeExtensions.cs</ProjectRelativeFilePath>
      <IsIgnored>false</IsIgnored>
    </FileLog>
    <FileLog>
      <ProjectId>ff125392-4758-4f89-8351-5af71083ed0c</ProjectId>
      <CorrelationId>Intent.ModuleBuilder.Templates.Api.ApiPackageExtensionModel#0f4c244e-00f9-4c5b-8ee8-5e75b59f2b0c</CorrelationId>
      <OverwriteBehaviour>always</OverwriteBehaviour>
      <ApplicationRelativeFilePath>../../src/Aryzac.IO.Modules.Client/Api/PackageExtensionModel.cs</ApplicationRelativeFilePath>
      <ProjectRelativeFilePath>PackageExtensionModel.cs</ProjectRelativeFilePath>
      <IsIgnored>false</IsIgnored>
    </FileLog>
    <FileLog>
      <ProjectId>ff125392-4758-4f89-8351-5af71083ed0c</ProjectId>
      <CorrelationId>Intent.ModuleBuilder.Templates.Api.ApiElementModel#17381d4f-8bd9-4b00-9235-9243a3232c6a</CorrelationId>
      <OverwriteBehaviour>always</OverwriteBehaviour>
      <ApplicationRelativeFilePath>../../src/Aryzac.IO.Modules.Client/Api/PageBreadcrumbNavigationModel.cs</ApplicationRelativeFilePath>
      <ProjectRelativeFilePath>PageBreadcrumbNavigationModel.cs</ProjectRelativeFilePath>
      <IsIgnored>false</IsIgnored>
    </FileLog>
    <FileLog>
      <ProjectId>ff125392-4758-4f89-8351-5af71083ed0c</ProjectId>
      <CorrelationId>Intent.ModuleBuilder.Templates.Api.ApiElementModel#2de8273b-c33f-4d34-8275-14c67467cf0e</CorrelationId>
      <OverwriteBehaviour>always</OverwriteBehaviour>
      <ApplicationRelativeFilePath>../../src/Aryzac.IO.Modules.Client/Api/PageComponentModel.cs</ApplicationRelativeFilePath>
      <ProjectRelativeFilePath>PageComponentModel.cs</ProjectRelativeFilePath>
      <IsIgnored>false</IsIgnored>
    </FileLog>
    <FileLog>
      <ProjectId>ff125392-4758-4f89-8351-5af71083ed0c</ProjectId>
      <CorrelationId>Intent.ModuleBuilder.Templates.Api.ApiElementModel#21b29545-9bd7-4cbd-85bb-3b548765031e</CorrelationId>
      <OverwriteBehaviour>always</OverwriteBehaviour>
      <ApplicationRelativeFilePath>../../src/Aryzac.IO.Modules.Client/Api/PageFolderModel.cs</ApplicationRelativeFilePath>
      <ProjectRelativeFilePath>PageFolderModel.cs</ProjectRelativeFilePath>
      <IsIgnored>false</IsIgnored>
    </FileLog>
    <FileLog>
      <ProjectId>ff125392-4758-4f89-8351-5af71083ed0c</ProjectId>
      <CorrelationId>Intent.ModuleBuilder.Templates.Api.ApiElementModel#89cf68f6-6f29-412a-bae2-31faed8280d9</CorrelationId>
      <OverwriteBehaviour>always</OverwriteBehaviour>
      <ApplicationRelativeFilePath>../../src/Aryzac.IO.Modules.Client/Api/PageModel.cs</ApplicationRelativeFilePath>
      <ProjectRelativeFilePath>PageModel.cs</ProjectRelativeFilePath>
      <IsIgnored>false</IsIgnored>
    </FileLog>
    <FileLog>
      <ProjectId>ff125392-4758-4f89-8351-5af71083ed0c</ProjectId>
      <CorrelationId>Intent.ModuleBuilder.Templates.Api.ApiElementModel#72608324-5d5a-4627-aecf-0b0d0f0f7f68</CorrelationId>
      <OverwriteBehaviour>always</OverwriteBehaviour>
      <ApplicationRelativeFilePath>../../src/Aryzac.IO.Modules.Client/Api/PagesModel.cs</ApplicationRelativeFilePath>
      <ProjectRelativeFilePath>PagesModel.cs</ProjectRelativeFilePath>
      <IsIgnored>false</IsIgnored>
    </FileLog>
    <FileLog>
      <ProjectId>ff125392-4758-4f89-8351-5af71083ed0c</ProjectId>
      <CorrelationId>Intent.ModuleBuilder.Templates.Api.ApiElementModel#ce51a148-b367-488b-8659-3e357e55419b</CorrelationId>
      <OverwriteBehaviour>always</OverwriteBehaviour>
      <ApplicationRelativeFilePath>../../src/Aryzac.IO.Modules.Client/Api/RadioButtonModel.cs</ApplicationRelativeFilePath>
      <ProjectRelativeFilePath>RadioButtonModel.cs</ProjectRelativeFilePath>
      <IsIgnored>false</IsIgnored>
    </FileLog>
    <FileLog>
      <ProjectId>ff125392-4758-4f89-8351-5af71083ed0c</ProjectId>
      <CorrelationId>Intent.ModuleBuilder.Templates.Api.ApiElementModelExtensions#ce51a148-b367-488b-8659-3e357e55419b</CorrelationId>
      <OverwriteBehaviour>always</OverwriteBehaviour>
      <ApplicationRelativeFilePath>../../src/Aryzac.IO.Modules.Client/Api/RadioButtonModelStereotypeExtensions.cs</ApplicationRelativeFilePath>
      <ProjectRelativeFilePath>RadioButtonModelStereotypeExtensions.cs</ProjectRelativeFilePath>
      <IsIgnored>false</IsIgnored>
    </FileLog>
    <FileLog>
      <ProjectId>ff125392-4758-4f89-8351-5af71083ed0c</ProjectId>
      <CorrelationId>Intent.ModuleBuilder.Templates.Api.ApiElementModel#6b4c56a9-ffbe-4d80-ae61-696f946905ab</CorrelationId>
      <OverwriteBehaviour>always</OverwriteBehaviour>
      <ApplicationRelativeFilePath>../../src/Aryzac.IO.Modules.Client/Api/RouteParameterModel.cs</ApplicationRelativeFilePath>
      <ProjectRelativeFilePath>RouteParameterModel.cs</ProjectRelativeFilePath>
      <IsIgnored>false</IsIgnored>
    </FileLog>
    <FileLog>
      <ProjectId>ff125392-4758-4f89-8351-5af71083ed0c</ProjectId>
      <CorrelationId>Intent.ModuleBuilder.Templates.Api.ApiElementModel#359ec87c-144f-4be1-b3d1-fe182093bb3e</CorrelationId>
      <OverwriteBehaviour>always</OverwriteBehaviour>
      <ApplicationRelativeFilePath>../../src/Aryzac.IO.Modules.Client/Api/SectionModel.cs</ApplicationRelativeFilePath>
      <ProjectRelativeFilePath>SectionModel.cs</ProjectRelativeFilePath>
      <IsIgnored>false</IsIgnored>
    </FileLog>
    <FileLog>
      <ProjectId>ff125392-4758-4f89-8351-5af71083ed0c</ProjectId>
      <CorrelationId>Intent.ModuleBuilder.Templates.Api.ApiElementModelExtensions#359ec87c-144f-4be1-b3d1-fe182093bb3e</CorrelationId>
      <OverwriteBehaviour>always</OverwriteBehaviour>
      <ApplicationRelativeFilePath>../../src/Aryzac.IO.Modules.Client/Api/SectionModelStereotypeExtensions.cs</ApplicationRelativeFilePath>
      <ProjectRelativeFilePath>SectionModelStereotypeExtensions.cs</ProjectRelativeFilePath>
      <IsIgnored>false</IsIgnored>
    </FileLog>
    <FileLog>
      <ProjectId>ff125392-4758-4f89-8351-5af71083ed0c</ProjectId>
      <CorrelationId>Intent.ModuleBuilder.Templates.Api.ApiElementModel#9e0ed8e6-4cba-434a-b51b-6723c2ec83d7</CorrelationId>
      <OverwriteBehaviour>always</OverwriteBehaviour>
      <ApplicationRelativeFilePath>../../src/Aryzac.IO.Modules.Client/Api/SelectLabelModel.cs</ApplicationRelativeFilePath>
      <ProjectRelativeFilePath>SelectLabelModel.cs</ProjectRelativeFilePath>
      <IsIgnored>false</IsIgnored>
    </FileLog>
    <FileLog>
      <ProjectId>ff125392-4758-4f89-8351-5af71083ed0c</ProjectId>
      <CorrelationId>Intent.ModuleBuilder.Templates.Api.ApiElementModel#29bb76a2-ccc9-4ab2-8665-6fdef3834c94</CorrelationId>
      <OverwriteBehaviour>always</OverwriteBehaviour>
      <ApplicationRelativeFilePath>../../src/Aryzac.IO.Modules.Client/Api/SelectModel.cs</ApplicationRelativeFilePath>
      <ProjectRelativeFilePath>SelectModel.cs</ProjectRelativeFilePath>
      <IsIgnored>false</IsIgnored>
    </FileLog>
    <FileLog>
      <ProjectId>ff125392-4758-4f89-8351-5af71083ed0c</ProjectId>
      <CorrelationId>Intent.ModuleBuilder.Templates.Api.ApiElementModelExtensions#29bb76a2-ccc9-4ab2-8665-6fdef3834c94</CorrelationId>
      <OverwriteBehaviour>always</OverwriteBehaviour>
      <ApplicationRelativeFilePath>../../src/Aryzac.IO.Modules.Client/Api/SelectModelStereotypeExtensions.cs</ApplicationRelativeFilePath>
      <ProjectRelativeFilePath>SelectModelStereotypeExtensions.cs</ProjectRelativeFilePath>
      <IsIgnored>false</IsIgnored>
    </FileLog>
    <FileLog>
      <ProjectId>ff125392-4758-4f89-8351-5af71083ed0c</ProjectId>
      <CorrelationId>Intent.ModuleBuilder.Templates.Api.ApiElementModel#762f076f-4d28-4d64-8aa0-92d41d1c0ac3</CorrelationId>
      <OverwriteBehaviour>always</OverwriteBehaviour>
      <ApplicationRelativeFilePath>../../src/Aryzac.IO.Modules.Client/Api/ServiceProxiesModel.cs</ApplicationRelativeFilePath>
      <ProjectRelativeFilePath>ServiceProxiesModel.cs</ProjectRelativeFilePath>
      <IsIgnored>false</IsIgnored>
    </FileLog>
    <FileLog>
      <ProjectId>ff125392-4758-4f89-8351-5af71083ed0c</ProjectId>
      <CorrelationId>Intent.ModuleBuilder.Templates.Api.ApiElementModel#4b1db728-6c2e-4ef2-a647-a50015a0a684</CorrelationId>
      <OverwriteBehaviour>always</OverwriteBehaviour>
      <ApplicationRelativeFilePath>../../src/Aryzac.IO.Modules.Client/Api/SidebarNavigationModel.cs</ApplicationRelativeFilePath>
      <ProjectRelativeFilePath>SidebarNavigationModel.cs</ProjectRelativeFilePath>
      <IsIgnored>false</IsIgnored>
    </FileLog>
    <FileLog>
      <ProjectId>ff125392-4758-4f89-8351-5af71083ed0c</ProjectId>
      <CorrelationId>Intent.ModuleBuilder.Templates.Api.ApiElementModel#3b2026bf-7e0e-47d3-aaa7-3fccb5739990</CorrelationId>
      <OverwriteBehaviour>always</OverwriteBehaviour>
      <ApplicationRelativeFilePath>../../src/Aryzac.IO.Modules.Client/Api/SidebarNavigationSectionModel.cs</ApplicationRelativeFilePath>
      <ProjectRelativeFilePath>SidebarNavigationSectionModel.cs</ProjectRelativeFilePath>
      <IsIgnored>false</IsIgnored>
    </FileLog>
    <FileLog>
      <ProjectId>ff125392-4758-4f89-8351-5af71083ed0c</ProjectId>
      <CorrelationId>Intent.ModuleBuilder.Templates.Api.ApiElementModel#dd36c8ad-0f9e-4a38-8478-8dce769e0054</CorrelationId>
      <OverwriteBehaviour>always</OverwriteBehaviour>
      <ApplicationRelativeFilePath>../../src/Aryzac.IO.Modules.Client/Api/TableModel.cs</ApplicationRelativeFilePath>
      <ProjectRelativeFilePath>TableModel.cs</ProjectRelativeFilePath>
      <IsIgnored>false</IsIgnored>
    </FileLog>
    <FileLog>
      <ProjectId>ff125392-4758-4f89-8351-5af71083ed0c</ProjectId>
      <CorrelationId>Intent.ModuleBuilder.Templates.Api.ApiElementModel#9fb5d59b-af35-4484-b7f2-410a30365bbf</CorrelationId>
      <OverwriteBehaviour>always</OverwriteBehaviour>
      <ApplicationRelativeFilePath>../../src/Aryzac.IO.Modules.Client/Api/TextAreaModel.cs</ApplicationRelativeFilePath>
      <ProjectRelativeFilePath>TextAreaModel.cs</ProjectRelativeFilePath>
      <IsIgnored>false</IsIgnored>
    </FileLog>
    <FileLog>
      <ProjectId>ff125392-4758-4f89-8351-5af71083ed0c</ProjectId>
      <CorrelationId>Intent.ModuleBuilder.Templates.Api.ApiElementModelExtensions#9fb5d59b-af35-4484-b7f2-410a30365bbf</CorrelationId>
      <OverwriteBehaviour>always</OverwriteBehaviour>
      <ApplicationRelativeFilePath>../../src/Aryzac.IO.Modules.Client/Api/TextAreaModelStereotypeExtensions.cs</ApplicationRelativeFilePath>
      <ProjectRelativeFilePath>TextAreaModelStereotypeExtensions.cs</ProjectRelativeFilePath>
      <IsIgnored>false</IsIgnored>
    </FileLog>
    <FileLog>
      <ProjectId>ff125392-4758-4f89-8351-5af71083ed0c</ProjectId>
      <CorrelationId>Intent.ModuleBuilder.Templates.Api.ApiElementModel#db535835-3d01-421d-9f29-206732782bfe</CorrelationId>
      <OverwriteBehaviour>always</OverwriteBehaviour>
      <ApplicationRelativeFilePath>../../src/Aryzac.IO.Modules.Client/Api/TextboxModel.cs</ApplicationRelativeFilePath>
      <ProjectRelativeFilePath>TextboxModel.cs</ProjectRelativeFilePath>
      <IsIgnored>false</IsIgnored>
    </FileLog>
    <FileLog>
      <ProjectId>ff125392-4758-4f89-8351-5af71083ed0c</ProjectId>
      <CorrelationId>Intent.ModuleBuilder.Templates.Api.ApiElementModelExtensions#db535835-3d01-421d-9f29-206732782bfe</CorrelationId>
      <OverwriteBehaviour>always</OverwriteBehaviour>
      <ApplicationRelativeFilePath>../../src/Aryzac.IO.Modules.Client/Api/TextboxModelStereotypeExtensions.cs</ApplicationRelativeFilePath>
      <ProjectRelativeFilePath>TextboxModelStereotypeExtensions.cs</ProjectRelativeFilePath>
      <IsIgnored>false</IsIgnored>
    </FileLog>
    <FileLog>
      <ProjectId>ff125392-4758-4f89-8351-5af71083ed0c</ProjectId>
      <CorrelationId>Intent.ModuleBuilder.Templates.Api.ApiElementModel#4be6a3ee-337d-428c-9a2d-e8d306055ad5</CorrelationId>
      <OverwriteBehaviour>always</OverwriteBehaviour>
      <ApplicationRelativeFilePath>../../src/Aryzac.IO.Modules.Client/Api/TopNavigationModel.cs</ApplicationRelativeFilePath>
      <ProjectRelativeFilePath>TopNavigationModel.cs</ProjectRelativeFilePath>
      <IsIgnored>false</IsIgnored>
    </FileLog>
    <FileLog>
      <ProjectId>ff125392-4758-4f89-8351-5af71083ed0c</ProjectId>
      <CorrelationId>Intent.ModuleBuilder.Templates.Api.ApiElementModel#a7cf63d9-d23a-4a16-8088-f72e713c8c61</CorrelationId>
      <OverwriteBehaviour>always</OverwriteBehaviour>
      <ApplicationRelativeFilePath>../../src/Aryzac.IO.Modules.Client/Api/TopNavigationSectionModel.cs</ApplicationRelativeFilePath>
      <ProjectRelativeFilePath>TopNavigationSectionModel.cs</ProjectRelativeFilePath>
      <IsIgnored>false</IsIgnored>
    </FileLog>
    <FileLog>
      <ProjectId>ff125392-4758-4f89-8351-5af71083ed0c</ProjectId>
      <CorrelationId>Intent.ModuleBuilder.Templates.Api.ApiElementModel#cc25d720-1d70-4554-92b4-1aad67143395</CorrelationId>
      <OverwriteBehaviour>always</OverwriteBehaviour>
      <ApplicationRelativeFilePath>../../src/Aryzac.IO.Modules.Client/Api/ValueModel.cs</ApplicationRelativeFilePath>
      <ProjectRelativeFilePath>ValueModel.cs</ProjectRelativeFilePath>
      <IsIgnored>false</IsIgnored>
    </FileLog>
    <FileLog>
      <ProjectId>090c2939-10be-463e-af60-28262cd3e67c</ProjectId>
      <CorrelationId>Intent.ModuleBuilder.Templates.Api.ApiMetadataProviderExtensions</CorrelationId>
      <OverwriteBehaviour>always</OverwriteBehaviour>
      <ApplicationRelativeFilePath>../../src/Aryzac.IO.Modules.Client/ApiMetadataProviderExtensions.cs</ApplicationRelativeFilePath>
      <ProjectRelativeFilePath>ApiMetadataProviderExtensions.cs</ProjectRelativeFilePath>
      <IsIgnored>false</IsIgnored>
    </FileLog>
    <FileLog>
      <ProjectId>090c2939-10be-463e-af60-28262cd3e67c</ProjectId>
      <CorrelationId>Intent.VisualStudio.Projects.CoreLibrary.CSProject#090c2939-10be-463e-af60-28262cd3e67c</CorrelationId>
      <OverwriteBehaviour>always</OverwriteBehaviour>
      <ApplicationRelativeFilePath>../../src/Aryzac.IO.Modules.Client/Aryzac.IO.Modules.Client.csproj</ApplicationRelativeFilePath>
      <ProjectRelativeFilePath>Aryzac.IO.Modules.Client.csproj</ProjectRelativeFilePath>
      <IsIgnored>false</IsIgnored>
    </FileLog>
    <FileLog>
      <ProjectId>090c2939-10be-463e-af60-28262cd3e67c</ProjectId>
      <CorrelationId>Intent.ModuleBuilder.IModSpecFile</CorrelationId>
      <OverwriteBehaviour>always</OverwriteBehaviour>
      <ApplicationRelativeFilePath>../../src/Aryzac.IO.Modules.Client/Aryzac.IO.Modules.Client.imodspec</ApplicationRelativeFilePath>
      <ProjectRelativeFilePath>Aryzac.IO.Modules.Client.imodspec</ProjectRelativeFilePath>
      <IsIgnored>false</IsIgnored>
    </FileLog>
    <FileLog>
      <ProjectId>090c2939-10be-463e-af60-28262cd3e67c</ProjectId>
      <CorrelationId>Intent.ModuleBuilder.Templates.StaticContentOutputReadme#5a68e31b-f70c-4874-8fd7-a7b603dba5a6</CorrelationId>
      <OverwriteBehaviour>once-off</OverwriteBehaviour>
      <ApplicationRelativeFilePath>../../src/Aryzac.IO.Modules.Client/content/readme.txt</ApplicationRelativeFilePath>
      <ProjectRelativeFilePath>content/readme.txt</ProjectRelativeFilePath>
      <IsIgnored>false</IsIgnored>
    </FileLog>
    <FileLog>
      <ProjectId>7ade9117-4a53-43c5-9f03-686bb7dd7bb2</ProjectId>
      <CorrelationId>Intent.ModuleBuilder.DesignerSettings#7ab48245-c552-490e-9cba-4fc88178398a</CorrelationId>
      <OverwriteBehaviour>always</OverwriteBehaviour>
      <ApplicationRelativeFilePath>../../src/Aryzac.IO.Modules.Client/modelers/Client Settings.designer.settings</ApplicationRelativeFilePath>
      <ProjectRelativeFilePath>Client Settings.designer.settings</ProjectRelativeFilePath>
      <IsIgnored>false</IsIgnored>
    </FileLog>
    <FileLog>
      <ProjectId>090c2939-10be-463e-af60-28262cd3e67c</ProjectId>
      <CorrelationId>Intent.ModuleBuilder.Templates.ReleaseNotes</CorrelationId>
      <OverwriteBehaviour>once-off</OverwriteBehaviour>
      <ApplicationRelativeFilePath>../../src/Aryzac.IO.Modules.Client/release-notes.md</ApplicationRelativeFilePath>
      <ProjectRelativeFilePath>release-notes.md</ProjectRelativeFilePath>
      <IsIgnored>false</IsIgnored>
    </FileLog>
    <FileLog>
      <ProjectId>2f58b796-4fac-480b-83fe-20ff5541f822</ProjectId>
      <CorrelationId>Intent.ModuleBuilder.ProjectItemTemplate.T4Template.PreProcessed#0859d70e-fde2-45a0-8dbd-91856245e4fc</CorrelationId>
      <OverwriteBehaviour>always</OverwriteBehaviour>
      <ApplicationRelativeFilePath>../../src/Aryzac.IO.Modules.Client/Templates/Files/Components/Component/ComponentTemplate.cs</ApplicationRelativeFilePath>
      <ProjectRelativeFilePath>Files/Components/Component/ComponentTemplate.cs</ProjectRelativeFilePath>
      <IsIgnored>false</IsIgnored>
    </FileLog>
    <FileLog>
      <ProjectId>2f58b796-4fac-480b-83fe-20ff5541f822</ProjectId>
      <CorrelationId>Intent.ModuleBuilder.Templates.FileTemplateT4#0859d70e-fde2-45a0-8dbd-91856245e4fc</CorrelationId>
      <OverwriteBehaviour>always</OverwriteBehaviour>
      <ApplicationRelativeFilePath>../../src/Aryzac.IO.Modules.Client/Templates/Files/Components/Component/ComponentTemplate.tt</ApplicationRelativeFilePath>
      <ProjectRelativeFilePath>Files/Components/Component/ComponentTemplate.tt</ProjectRelativeFilePath>
      <IsIgnored>false</IsIgnored>
    </FileLog>
    <FileLog>
      <ProjectId>2f58b796-4fac-480b-83fe-20ff5541f822</ProjectId>
      <CorrelationId>Intent.ModuleBuilder.ProjectItemTemplate.Partial#0859d70e-fde2-45a0-8dbd-91856245e4fc</CorrelationId>
      <OverwriteBehaviour>always</OverwriteBehaviour>
      <ApplicationRelativeFilePath>../../src/Aryzac.IO.Modules.Client/Templates/Files/Components/Component/ComponentTemplatePartial.cs</ApplicationRelativeFilePath>
      <ProjectRelativeFilePath>Files/Components/Component/ComponentTemplatePartial.cs</ProjectRelativeFilePath>
      <IsIgnored>false</IsIgnored>
    </FileLog>
    <FileLog>
      <ProjectId>2f58b796-4fac-480b-83fe-20ff5541f822</ProjectId>
      <CorrelationId>Intent.ModuleBuilder.TemplateRegistration.FilePerModel#0859d70e-fde2-45a0-8dbd-91856245e4fc</CorrelationId>
      <OverwriteBehaviour>always</OverwriteBehaviour>
      <ApplicationRelativeFilePath>../../src/Aryzac.IO.Modules.Client/Templates/Files/Components/Component/ComponentTemplateRegistration.cs</ApplicationRelativeFilePath>
      <ProjectRelativeFilePath>Files/Components/Component/ComponentTemplateRegistration.cs</ProjectRelativeFilePath>
      <IsIgnored>false</IsIgnored>
    </FileLog>
    <FileLog>
      <ProjectId>2f58b796-4fac-480b-83fe-20ff5541f822</ProjectId>
      <CorrelationId>Intent.ModuleBuilder.ProjectItemTemplate.Partial#1d2d62d6-9683-4ef7-8645-e71f05733cb1</CorrelationId>
      <OverwriteBehaviour>always</OverwriteBehaviour>
      <ApplicationRelativeFilePath>../../src/Aryzac.IO.Modules.Client/Templates/Files/Components/ComponentI18n/ComponentI18nTemplatePartial.cs</ApplicationRelativeFilePath>
      <ProjectRelativeFilePath>Files/Components/ComponentI18n/ComponentI18nTemplatePartial.cs</ProjectRelativeFilePath>
      <IsIgnored>false</IsIgnored>
    </FileLog>
    <FileLog>
      <ProjectId>2f58b796-4fac-480b-83fe-20ff5541f822</ProjectId>
      <CorrelationId>Intent.ModuleBuilder.TemplateRegistration.FilePerModel#1d2d62d6-9683-4ef7-8645-e71f05733cb1</CorrelationId>
      <OverwriteBehaviour>always</OverwriteBehaviour>
      <ApplicationRelativeFilePath>../../src/Aryzac.IO.Modules.Client/Templates/Files/Components/ComponentI18n/ComponentI18nTemplateRegistration.cs</ApplicationRelativeFilePath>
      <ProjectRelativeFilePath>Files/Components/ComponentI18n/ComponentI18nTemplateRegistration.cs</ProjectRelativeFilePath>
      <IsIgnored>false</IsIgnored>
    </FileLog>
    <FileLog>
      <ProjectId>2f58b796-4fac-480b-83fe-20ff5541f822</ProjectId>
      <CorrelationId>Intent.ModuleBuilder.ProjectItemTemplate.T4Template.PreProcessed#92d3ff7c-d424-49a3-bc47-f0207b674c13</CorrelationId>
      <OverwriteBehaviour>always</OverwriteBehaviour>
      <ApplicationRelativeFilePath>../../src/Aryzac.IO.Modules.Client/Templates/Files/Components/Layout/Components/ComponentsTemplate.cs</ApplicationRelativeFilePath>
      <ProjectRelativeFilePath>Files/Components/Layout/Components/ComponentsTemplate.cs</ProjectRelativeFilePath>
      <IsIgnored>false</IsIgnored>
    </FileLog>
    <FileLog>
      <ProjectId>2f58b796-4fac-480b-83fe-20ff5541f822</ProjectId>
      <CorrelationId>Intent.ModuleBuilder.Templates.FileTemplateT4#92d3ff7c-d424-49a3-bc47-f0207b674c13</CorrelationId>
      <OverwriteBehaviour>always</OverwriteBehaviour>
      <ApplicationRelativeFilePath>../../src/Aryzac.IO.Modules.Client/Templates/Files/Components/Layout/Components/ComponentsTemplate.tt</ApplicationRelativeFilePath>
      <ProjectRelativeFilePath>Files/Components/Layout/Components/ComponentsTemplate.tt</ProjectRelativeFilePath>
      <IsIgnored>false</IsIgnored>
    </FileLog>
    <FileLog>
      <ProjectId>2f58b796-4fac-480b-83fe-20ff5541f822</ProjectId>
      <CorrelationId>Intent.ModuleBuilder.ProjectItemTemplate.Partial#92d3ff7c-d424-49a3-bc47-f0207b674c13</CorrelationId>
      <OverwriteBehaviour>always</OverwriteBehaviour>
      <ApplicationRelativeFilePath>../../src/Aryzac.IO.Modules.Client/Templates/Files/Components/Layout/Components/ComponentsTemplatePartial.cs</ApplicationRelativeFilePath>
      <ProjectRelativeFilePath>Files/Components/Layout/Components/ComponentsTemplatePartial.cs</ProjectRelativeFilePath>
      <IsIgnored>false</IsIgnored>
    </FileLog>
    <FileLog>
      <ProjectId>2f58b796-4fac-480b-83fe-20ff5541f822</ProjectId>
      <CorrelationId>Intent.ModuleBuilder.TemplateRegistration.SingleFileNoModel#92d3ff7c-d424-49a3-bc47-f0207b674c13</CorrelationId>
      <OverwriteBehaviour>always</OverwriteBehaviour>
      <ApplicationRelativeFilePath>../../src/Aryzac.IO.Modules.Client/Templates/Files/Components/Layout/Components/ComponentsTemplateRegistration.cs</ApplicationRelativeFilePath>
      <ProjectRelativeFilePath>Files/Components/Layout/Components/ComponentsTemplateRegistration.cs</ProjectRelativeFilePath>
      <IsIgnored>false</IsIgnored>
    </FileLog>
    <FileLog>
      <ProjectId>2f58b796-4fac-480b-83fe-20ff5541f822</ProjectId>
      <CorrelationId>ModuleBuilder.Typescript.Templates.TypescriptTemplate.PreProcessT4#eabd0cf0-37ab-4c7c-b963-d000419a7446</CorrelationId>
      <OverwriteBehaviour>always</OverwriteBehaviour>
      <ApplicationRelativeFilePath>../../src/Aryzac.IO.Modules.Client/Templates/Files/Composables/Controls/UseHeadingOptions/UseHeadingOptionsTemplate.cs</ApplicationRelativeFilePath>
      <ProjectRelativeFilePath>Files/Composables/Controls/UseHeadingOptions/UseHeadingOptionsTemplate.cs</ProjectRelativeFilePath>
      <IsIgnored>false</IsIgnored>
    </FileLog>
    <FileLog>
      <ProjectId>2f58b796-4fac-480b-83fe-20ff5541f822</ProjectId>
      <CorrelationId>Intent.ModuleBuilder.TypeScript.Templates.TypescriptTemplateT4#eabd0cf0-37ab-4c7c-b963-d000419a7446</CorrelationId>
      <OverwriteBehaviour>always</OverwriteBehaviour>
      <ApplicationRelativeFilePath>../../src/Aryzac.IO.Modules.Client/Templates/Files/Composables/Controls/UseHeadingOptions/UseHeadingOptionsTemplate.tt</ApplicationRelativeFilePath>
      <ProjectRelativeFilePath>Files/Composables/Controls/UseHeadingOptions/UseHeadingOptionsTemplate.tt</ProjectRelativeFilePath>
      <IsIgnored>false</IsIgnored>
    </FileLog>
    <FileLog>
      <ProjectId>2f58b796-4fac-480b-83fe-20ff5541f822</ProjectId>
      <CorrelationId>Intent.ModuleBuilder.TypeScript.Templates.TypescriptTemplatePartial#eabd0cf0-37ab-4c7c-b963-d000419a7446</CorrelationId>
      <OverwriteBehaviour>always</OverwriteBehaviour>
      <ApplicationRelativeFilePath>../../src/Aryzac.IO.Modules.Client/Templates/Files/Composables/Controls/UseHeadingOptions/UseHeadingOptionsTemplatePartial.cs</ApplicationRelativeFilePath>
      <ProjectRelativeFilePath>Files/Composables/Controls/UseHeadingOptions/UseHeadingOptionsTemplatePartial.cs</ProjectRelativeFilePath>
      <IsIgnored>false</IsIgnored>
    </FileLog>
    <FileLog>
      <ProjectId>2f58b796-4fac-480b-83fe-20ff5541f822</ProjectId>
      <CorrelationId>Intent.ModuleBuilder.TemplateRegistration.FilePerModel#eabd0cf0-37ab-4c7c-b963-d000419a7446</CorrelationId>
      <OverwriteBehaviour>always</OverwriteBehaviour>
      <ApplicationRelativeFilePath>../../src/Aryzac.IO.Modules.Client/Templates/Files/Composables/Controls/UseHeadingOptions/UseHeadingOptionsTemplateRegistration.cs</ApplicationRelativeFilePath>
      <ProjectRelativeFilePath>Files/Composables/Controls/UseHeadingOptions/UseHeadingOptionsTemplateRegistration.cs</ProjectRelativeFilePath>
      <IsIgnored>false</IsIgnored>
    </FileLog>
    <FileLog>
      <ProjectId>2f58b796-4fac-480b-83fe-20ff5541f822</ProjectId>
      <CorrelationId>ModuleBuilder.Typescript.Templates.TypescriptTemplate.PreProcessT4#9791958d-ea31-4760-94f4-453e80dfbfbe</CorrelationId>
      <OverwriteBehaviour>always</OverwriteBehaviour>
      <ApplicationRelativeFilePath>../../src/Aryzac.IO.Modules.Client/Templates/Files/Composables/Controls/UseSelectOptions/UseSelectOptionsTemplate.cs</ApplicationRelativeFilePath>
      <ProjectRelativeFilePath>Files/Composables/Controls/UseSelectOptions/UseSelectOptionsTemplate.cs</ProjectRelativeFilePath>
      <IsIgnored>false</IsIgnored>
    </FileLog>
    <FileLog>
      <ProjectId>2f58b796-4fac-480b-83fe-20ff5541f822</ProjectId>
      <CorrelationId>Intent.ModuleBuilder.TypeScript.Templates.TypescriptTemplateT4#9791958d-ea31-4760-94f4-453e80dfbfbe</CorrelationId>
      <OverwriteBehaviour>always</OverwriteBehaviour>
      <ApplicationRelativeFilePath>../../src/Aryzac.IO.Modules.Client/Templates/Files/Composables/Controls/UseSelectOptions/UseSelectOptionsTemplate.tt</ApplicationRelativeFilePath>
      <ProjectRelativeFilePath>Files/Composables/Controls/UseSelectOptions/UseSelectOptionsTemplate.tt</ProjectRelativeFilePath>
      <IsIgnored>false</IsIgnored>
    </FileLog>
    <FileLog>
      <ProjectId>2f58b796-4fac-480b-83fe-20ff5541f822</ProjectId>
      <CorrelationId>Intent.ModuleBuilder.TypeScript.Templates.TypescriptTemplatePartial#9791958d-ea31-4760-94f4-453e80dfbfbe</CorrelationId>
      <OverwriteBehaviour>always</OverwriteBehaviour>
      <ApplicationRelativeFilePath>../../src/Aryzac.IO.Modules.Client/Templates/Files/Composables/Controls/UseSelectOptions/UseSelectOptionsTemplatePartial.cs</ApplicationRelativeFilePath>
      <ProjectRelativeFilePath>Files/Composables/Controls/UseSelectOptions/UseSelectOptionsTemplatePartial.cs</ProjectRelativeFilePath>
      <IsIgnored>false</IsIgnored>
    </FileLog>
    <FileLog>
      <ProjectId>2f58b796-4fac-480b-83fe-20ff5541f822</ProjectId>
      <CorrelationId>Intent.ModuleBuilder.TemplateRegistration.FilePerModel#9791958d-ea31-4760-94f4-453e80dfbfbe</CorrelationId>
      <OverwriteBehaviour>always</OverwriteBehaviour>
      <ApplicationRelativeFilePath>../../src/Aryzac.IO.Modules.Client/Templates/Files/Composables/Controls/UseSelectOptions/UseSelectOptionsTemplateRegistration.cs</ApplicationRelativeFilePath>
      <ProjectRelativeFilePath>Files/Composables/Controls/UseSelectOptions/UseSelectOptionsTemplateRegistration.cs</ProjectRelativeFilePath>
      <IsIgnored>false</IsIgnored>
    </FileLog>
    <FileLog>
      <ProjectId>2f58b796-4fac-480b-83fe-20ff5541f822</ProjectId>
      <CorrelationId>ModuleBuilder.Typescript.Templates.TypescriptTemplate.PreProcessT4#3da38e3b-9ae4-439d-9107-fb9a955c86ba</CorrelationId>
      <OverwriteBehaviour>always</OverwriteBehaviour>
      <ApplicationRelativeFilePath>../../src/Aryzac.IO.Modules.Client/Templates/Files/Composables/Controls/UseTableOptions/UseTableOptionsTemplate.cs</ApplicationRelativeFilePath>
      <ProjectRelativeFilePath>Files/Composables/Controls/UseTableOptions/UseTableOptionsTemplate.cs</ProjectRelativeFilePath>
      <IsIgnored>false</IsIgnored>
    </FileLog>
    <FileLog>
      <ProjectId>2f58b796-4fac-480b-83fe-20ff5541f822</ProjectId>
      <CorrelationId>Intent.ModuleBuilder.TypeScript.Templates.TypescriptTemplateT4#3da38e3b-9ae4-439d-9107-fb9a955c86ba</CorrelationId>
      <OverwriteBehaviour>always</OverwriteBehaviour>
      <ApplicationRelativeFilePath>../../src/Aryzac.IO.Modules.Client/Templates/Files/Composables/Controls/UseTableOptions/UseTableOptionsTemplate.tt</ApplicationRelativeFilePath>
      <ProjectRelativeFilePath>Files/Composables/Controls/UseTableOptions/UseTableOptionsTemplate.tt</ProjectRelativeFilePath>
      <IsIgnored>false</IsIgnored>
    </FileLog>
    <FileLog>
      <ProjectId>2f58b796-4fac-480b-83fe-20ff5541f822</ProjectId>
      <CorrelationId>Intent.ModuleBuilder.TypeScript.Templates.TypescriptTemplatePartial#3da38e3b-9ae4-439d-9107-fb9a955c86ba</CorrelationId>
      <OverwriteBehaviour>always</OverwriteBehaviour>
      <ApplicationRelativeFilePath>../../src/Aryzac.IO.Modules.Client/Templates/Files/Composables/Controls/UseTableOptions/UseTableOptionsTemplatePartial.cs</ApplicationRelativeFilePath>
      <ProjectRelativeFilePath>Files/Composables/Controls/UseTableOptions/UseTableOptionsTemplatePartial.cs</ProjectRelativeFilePath>
      <IsIgnored>false</IsIgnored>
    </FileLog>
    <FileLog>
      <ProjectId>2f58b796-4fac-480b-83fe-20ff5541f822</ProjectId>
      <CorrelationId>Intent.ModuleBuilder.TemplateRegistration.FilePerModel#3da38e3b-9ae4-439d-9107-fb9a955c86ba</CorrelationId>
      <OverwriteBehaviour>always</OverwriteBehaviour>
      <ApplicationRelativeFilePath>../../src/Aryzac.IO.Modules.Client/Templates/Files/Composables/Controls/UseTableOptions/UseTableOptionsTemplateRegistration.cs</ApplicationRelativeFilePath>
      <ProjectRelativeFilePath>Files/Composables/Controls/UseTableOptions/UseTableOptionsTemplateRegistration.cs</ProjectRelativeFilePath>
      <IsIgnored>false</IsIgnored>
    </FileLog>
    <FileLog>
      <ProjectId>2f58b796-4fac-480b-83fe-20ff5541f822</ProjectId>
      <CorrelationId>ModuleBuilder.Typescript.Templates.TypescriptTemplate.PreProcessT4#f8d15ea6-adc1-4cd5-b7ed-a34be0fc4ce4</CorrelationId>
      <OverwriteBehaviour>always</OverwriteBehaviour>
      <ApplicationRelativeFilePath>../../src/Aryzac.IO.Modules.Client/Templates/Files/Composables/UseServiceProxy/UseServiceProxyTemplate.cs</ApplicationRelativeFilePath>
      <ProjectRelativeFilePath>Files/Composables/UseServiceProxy/UseServiceProxyTemplate.cs</ProjectRelativeFilePath>
      <IsIgnored>false</IsIgnored>
    </FileLog>
    <FileLog>
      <ProjectId>2f58b796-4fac-480b-83fe-20ff5541f822</ProjectId>
      <CorrelationId>Intent.ModuleBuilder.TypeScript.Templates.TypescriptTemplateT4#f8d15ea6-adc1-4cd5-b7ed-a34be0fc4ce4</CorrelationId>
      <OverwriteBehaviour>always</OverwriteBehaviour>
      <ApplicationRelativeFilePath>../../src/Aryzac.IO.Modules.Client/Templates/Files/Composables/UseServiceProxy/UseServiceProxyTemplate.tt</ApplicationRelativeFilePath>
      <ProjectRelativeFilePath>Files/Composables/UseServiceProxy/UseServiceProxyTemplate.tt</ProjectRelativeFilePath>
      <IsIgnored>false</IsIgnored>
    </FileLog>
    <FileLog>
      <ProjectId>2f58b796-4fac-480b-83fe-20ff5541f822</ProjectId>
      <CorrelationId>Intent.ModuleBuilder.TypeScript.Templates.TypescriptTemplatePartial#f8d15ea6-adc1-4cd5-b7ed-a34be0fc4ce4</CorrelationId>
      <OverwriteBehaviour>always</OverwriteBehaviour>
      <ApplicationRelativeFilePath>../../src/Aryzac.IO.Modules.Client/Templates/Files/Composables/UseServiceProxy/UseServiceProxyTemplatePartial.cs</ApplicationRelativeFilePath>
      <ProjectRelativeFilePath>Files/Composables/UseServiceProxy/UseServiceProxyTemplatePartial.cs</ProjectRelativeFilePath>
      <IsIgnored>false</IsIgnored>
    </FileLog>
    <FileLog>
      <ProjectId>2f58b796-4fac-480b-83fe-20ff5541f822</ProjectId>
      <CorrelationId>Intent.ModuleBuilder.TemplateRegistration.FilePerModel#f8d15ea6-adc1-4cd5-b7ed-a34be0fc4ce4</CorrelationId>
      <OverwriteBehaviour>always</OverwriteBehaviour>
      <ApplicationRelativeFilePath>../../src/Aryzac.IO.Modules.Client/Templates/Files/Composables/UseServiceProxy/UseServiceProxyTemplateRegistration.cs</ApplicationRelativeFilePath>
      <ProjectRelativeFilePath>Files/Composables/UseServiceProxy/UseServiceProxyTemplateRegistration.cs</ProjectRelativeFilePath>
      <IsIgnored>false</IsIgnored>
    </FileLog>
    <FileLog>
      <ProjectId>2f58b796-4fac-480b-83fe-20ff5541f822</ProjectId>
      <CorrelationId>Intent.ModuleBuilder.ProjectItemTemplate.T4Template.PreProcessed#2ce7aefc-0353-4af1-ad47-9c25624a5c49</CorrelationId>
      <OverwriteBehaviour>always</OverwriteBehaviour>
      <ApplicationRelativeFilePath>../../src/Aryzac.IO.Modules.Client/Templates/Files/Layouts/Layout/LayoutTemplate.cs</ApplicationRelativeFilePath>
      <ProjectRelativeFilePath>Files/Layouts/Layout/LayoutTemplate.cs</ProjectRelativeFilePath>
      <IsIgnored>false</IsIgnored>
    </FileLog>
    <FileLog>
      <ProjectId>2f58b796-4fac-480b-83fe-20ff5541f822</ProjectId>
      <CorrelationId>Intent.ModuleBuilder.Templates.FileTemplateT4#2ce7aefc-0353-4af1-ad47-9c25624a5c49</CorrelationId>
      <OverwriteBehaviour>always</OverwriteBehaviour>
      <ApplicationRelativeFilePath>../../src/Aryzac.IO.Modules.Client/Templates/Files/Layouts/Layout/LayoutTemplate.tt</ApplicationRelativeFilePath>
      <ProjectRelativeFilePath>Files/Layouts/Layout/LayoutTemplate.tt</ProjectRelativeFilePath>
      <IsIgnored>false</IsIgnored>
    </FileLog>
    <FileLog>
      <ProjectId>2f58b796-4fac-480b-83fe-20ff5541f822</ProjectId>
      <CorrelationId>Intent.ModuleBuilder.ProjectItemTemplate.Partial#2ce7aefc-0353-4af1-ad47-9c25624a5c49</CorrelationId>
      <OverwriteBehaviour>always</OverwriteBehaviour>
      <ApplicationRelativeFilePath>../../src/Aryzac.IO.Modules.Client/Templates/Files/Layouts/Layout/LayoutTemplatePartial.cs</ApplicationRelativeFilePath>
      <ProjectRelativeFilePath>Files/Layouts/Layout/LayoutTemplatePartial.cs</ProjectRelativeFilePath>
      <IsIgnored>false</IsIgnored>
    </FileLog>
    <FileLog>
      <ProjectId>2f58b796-4fac-480b-83fe-20ff5541f822</ProjectId>
      <CorrelationId>Intent.ModuleBuilder.TemplateRegistration.FilePerModel#2ce7aefc-0353-4af1-ad47-9c25624a5c49</CorrelationId>
      <OverwriteBehaviour>always</OverwriteBehaviour>
      <ApplicationRelativeFilePath>../../src/Aryzac.IO.Modules.Client/Templates/Files/Layouts/Layout/LayoutTemplateRegistration.cs</ApplicationRelativeFilePath>
      <ProjectRelativeFilePath>Files/Layouts/Layout/LayoutTemplateRegistration.cs</ProjectRelativeFilePath>
      <IsIgnored>false</IsIgnored>
    </FileLog>
    <FileLog>
      <ProjectId>2f58b796-4fac-480b-83fe-20ff5541f822</ProjectId>
      <CorrelationId>Intent.ModuleBuilder.ProjectItemTemplate.Partial#dad09ffd-5c83-478f-9a1b-6bcc64db7330</CorrelationId>
      <OverwriteBehaviour>always</OverwriteBehaviour>
      <ApplicationRelativeFilePath>../../src/Aryzac.IO.Modules.Client/Templates/Files/Layouts/LayoutI18n/LayoutI18nTemplatePartial.cs</ApplicationRelativeFilePath>
      <ProjectRelativeFilePath>Files/Layouts/LayoutI18n/LayoutI18nTemplatePartial.cs</ProjectRelativeFilePath>
      <IsIgnored>false</IsIgnored>
    </FileLog>
    <FileLog>
      <ProjectId>2f58b796-4fac-480b-83fe-20ff5541f822</ProjectId>
      <CorrelationId>Intent.ModuleBuilder.TemplateRegistration.FilePerModel#dad09ffd-5c83-478f-9a1b-6bcc64db7330</CorrelationId>
      <OverwriteBehaviour>always</OverwriteBehaviour>
      <ApplicationRelativeFilePath>../../src/Aryzac.IO.Modules.Client/Templates/Files/Layouts/LayoutI18n/LayoutI18nTemplateRegistration.cs</ApplicationRelativeFilePath>
      <ProjectRelativeFilePath>Files/Layouts/LayoutI18n/LayoutI18nTemplateRegistration.cs</ProjectRelativeFilePath>
      <IsIgnored>false</IsIgnored>
    </FileLog>
    <FileLog>
      <ProjectId>2f58b796-4fac-480b-83fe-20ff5541f822</ProjectId>
      <CorrelationId>ModuleBuilder.Typescript.Templates.TypescriptTemplate.PreProcessT4#8c5aa670-87d7-4977-b41a-db6a322133a6</CorrelationId>
      <OverwriteBehaviour>always</OverwriteBehaviour>
      <ApplicationRelativeFilePath>../../src/Aryzac.IO.Modules.Client/Templates/Files/NuxtConfig/NuxtConfigTemplate.cs</ApplicationRelativeFilePath>
      <ProjectRelativeFilePath>Files/NuxtConfig/NuxtConfigTemplate.cs</ProjectRelativeFilePath>
      <IsIgnored>false</IsIgnored>
    </FileLog>
    <FileLog>
      <ProjectId>2f58b796-4fac-480b-83fe-20ff5541f822</ProjectId>
      <CorrelationId>Intent.ModuleBuilder.TypeScript.Templates.TypescriptTemplateT4#8c5aa670-87d7-4977-b41a-db6a322133a6</CorrelationId>
      <OverwriteBehaviour>always</OverwriteBehaviour>
      <ApplicationRelativeFilePath>../../src/Aryzac.IO.Modules.Client/Templates/Files/NuxtConfig/NuxtConfigTemplate.tt</ApplicationRelativeFilePath>
      <ProjectRelativeFilePath>Files/NuxtConfig/NuxtConfigTemplate.tt</ProjectRelativeFilePath>
      <IsIgnored>false</IsIgnored>
    </FileLog>
    <FileLog>
      <ProjectId>2f58b796-4fac-480b-83fe-20ff5541f822</ProjectId>
      <CorrelationId>Intent.ModuleBuilder.TypeScript.Templates.TypescriptTemplatePartial#8c5aa670-87d7-4977-b41a-db6a322133a6</CorrelationId>
      <OverwriteBehaviour>always</OverwriteBehaviour>
      <ApplicationRelativeFilePath>../../src/Aryzac.IO.Modules.Client/Templates/Files/NuxtConfig/NuxtConfigTemplatePartial.cs</ApplicationRelativeFilePath>
      <ProjectRelativeFilePath>Files/NuxtConfig/NuxtConfigTemplatePartial.cs</ProjectRelativeFilePath>
      <IsIgnored>false</IsIgnored>
    </FileLog>
    <FileLog>
      <ProjectId>2f58b796-4fac-480b-83fe-20ff5541f822</ProjectId>
      <CorrelationId>Intent.ModuleBuilder.TemplateRegistration.SingleFileNoModel#8c5aa670-87d7-4977-b41a-db6a322133a6</CorrelationId>
      <OverwriteBehaviour>always</OverwriteBehaviour>
      <ApplicationRelativeFilePath>../../src/Aryzac.IO.Modules.Client/Templates/Files/NuxtConfig/NuxtConfigTemplateRegistration.cs</ApplicationRelativeFilePath>
      <ProjectRelativeFilePath>Files/NuxtConfig/NuxtConfigTemplateRegistration.cs</ProjectRelativeFilePath>
      <IsIgnored>false</IsIgnored>
    </FileLog>
    <FileLog>
      <ProjectId>2f58b796-4fac-480b-83fe-20ff5541f822</ProjectId>
      <CorrelationId>Intent.ModuleBuilder.ProjectItemTemplate.Partial#5e487ffe-2bb3-4efb-bc91-7e78d18a1422</CorrelationId>
      <OverwriteBehaviour>always</OverwriteBehaviour>
      <ApplicationRelativeFilePath>../../src/Aryzac.IO.Modules.Client/Templates/Files/Package/PackageTemplatePartial.cs</ApplicationRelativeFilePath>
      <ProjectRelativeFilePath>Files/Package/PackageTemplatePartial.cs</ProjectRelativeFilePath>
      <IsIgnored>false</IsIgnored>
    </FileLog>
    <FileLog>
      <ProjectId>2f58b796-4fac-480b-83fe-20ff5541f822</ProjectId>
      <CorrelationId>Intent.ModuleBuilder.TemplateRegistration.SingleFileNoModel#5e487ffe-2bb3-4efb-bc91-7e78d18a1422</CorrelationId>
      <OverwriteBehaviour>always</OverwriteBehaviour>
      <ApplicationRelativeFilePath>../../src/Aryzac.IO.Modules.Client/Templates/Files/Package/PackageTemplateRegistration.cs</ApplicationRelativeFilePath>
      <ProjectRelativeFilePath>Files/Package/PackageTemplateRegistration.cs</ProjectRelativeFilePath>
      <IsIgnored>false</IsIgnored>
    </FileLog>
    <FileLog>
      <ProjectId>2f58b796-4fac-480b-83fe-20ff5541f822</ProjectId>
      <CorrelationId>Intent.ModuleBuilder.ProjectItemTemplate.T4Template.PreProcessed#57fa8ff2-2b56-40e8-b66b-e1829d58a4dd</CorrelationId>
      <OverwriteBehaviour>always</OverwriteBehaviour>
      <ApplicationRelativeFilePath>../../src/Aryzac.IO.Modules.Client/Templates/Files/Pages/Page/PageTemplate.cs</ApplicationRelativeFilePath>
      <ProjectRelativeFilePath>Files/Pages/Page/PageTemplate.cs</ProjectRelativeFilePath>
      <IsIgnored>false</IsIgnored>
    </FileLog>
    <FileLog>
      <ProjectId>2f58b796-4fac-480b-83fe-20ff5541f822</ProjectId>
      <CorrelationId>Intent.ModuleBuilder.Templates.FileTemplateT4#57fa8ff2-2b56-40e8-b66b-e1829d58a4dd</CorrelationId>
      <OverwriteBehaviour>always</OverwriteBehaviour>
      <ApplicationRelativeFilePath>../../src/Aryzac.IO.Modules.Client/Templates/Files/Pages/Page/PageTemplate.tt</ApplicationRelativeFilePath>
      <ProjectRelativeFilePath>Files/Pages/Page/PageTemplate.tt</ProjectRelativeFilePath>
      <IsIgnored>false</IsIgnored>
    </FileLog>
    <FileLog>
      <ProjectId>2f58b796-4fac-480b-83fe-20ff5541f822</ProjectId>
      <CorrelationId>Intent.ModuleBuilder.ProjectItemTemplate.Partial#57fa8ff2-2b56-40e8-b66b-e1829d58a4dd</CorrelationId>
      <OverwriteBehaviour>always</OverwriteBehaviour>
      <ApplicationRelativeFilePath>../../src/Aryzac.IO.Modules.Client/Templates/Files/Pages/Page/PageTemplatePartial.cs</ApplicationRelativeFilePath>
      <ProjectRelativeFilePath>Files/Pages/Page/PageTemplatePartial.cs</ProjectRelativeFilePath>
      <IsIgnored>false</IsIgnored>
    </FileLog>
    <FileLog>
      <ProjectId>2f58b796-4fac-480b-83fe-20ff5541f822</ProjectId>
      <CorrelationId>Intent.ModuleBuilder.TemplateRegistration.FilePerModel#57fa8ff2-2b56-40e8-b66b-e1829d58a4dd</CorrelationId>
      <OverwriteBehaviour>always</OverwriteBehaviour>
      <ApplicationRelativeFilePath>../../src/Aryzac.IO.Modules.Client/Templates/Files/Pages/Page/PageTemplateRegistration.cs</ApplicationRelativeFilePath>
      <ProjectRelativeFilePath>Files/Pages/Page/PageTemplateRegistration.cs</ProjectRelativeFilePath>
      <IsIgnored>false</IsIgnored>
    </FileLog>
    <FileLog>
      <ProjectId>2f58b796-4fac-480b-83fe-20ff5541f822</ProjectId>
      <CorrelationId>Intent.ModuleBuilder.ProjectItemTemplate.Partial#356d4a75-8978-4a7f-97f7-69b7464f8a0d</CorrelationId>
      <OverwriteBehaviour>always</OverwriteBehaviour>
      <ApplicationRelativeFilePath>../../src/Aryzac.IO.Modules.Client/Templates/Files/Pages/PageI18n/PageI18nTemplatePartial.cs</ApplicationRelativeFilePath>
      <ProjectRelativeFilePath>Files/Pages/PageI18n/PageI18nTemplatePartial.cs</ProjectRelativeFilePath>
      <IsIgnored>false</IsIgnored>
    </FileLog>
    <FileLog>
      <ProjectId>2f58b796-4fac-480b-83fe-20ff5541f822</ProjectId>
      <CorrelationId>Intent.ModuleBuilder.TemplateRegistration.FilePerModel#356d4a75-8978-4a7f-97f7-69b7464f8a0d</CorrelationId>
      <OverwriteBehaviour>always</OverwriteBehaviour>
      <ApplicationRelativeFilePath>../../src/Aryzac.IO.Modules.Client/Templates/Files/Pages/PageI18n/PageI18nTemplateRegistration.cs</ApplicationRelativeFilePath>
      <ProjectRelativeFilePath>Files/Pages/PageI18n/PageI18nTemplateRegistration.cs</ProjectRelativeFilePath>
      <IsIgnored>false</IsIgnored>
    </FileLog>
    <FileLog>
      <ProjectId>2f58b796-4fac-480b-83fe-20ff5541f822</ProjectId>
      <CorrelationId>Intent.ModuleBuilder.TypeScript.Templates.TypescriptTemplatePartial#243a7da8-d571-4525-a67c-4b3061b380d5</CorrelationId>
      <OverwriteBehaviour>always</OverwriteBehaviour>
      <ApplicationRelativeFilePath>../../src/Aryzac.IO.Modules.Client/Templates/Files/Services/ServiceProxy/ServiceProxyTemplatePartial.cs</ApplicationRelativeFilePath>
      <ProjectRelativeFilePath>Files/Services/ServiceProxy/ServiceProxyTemplatePartial.cs</ProjectRelativeFilePath>
      <IsIgnored>false</IsIgnored>
    </FileLog>
    <FileLog>
      <ProjectId>2f58b796-4fac-480b-83fe-20ff5541f822</ProjectId>
      <CorrelationId>Intent.ModuleBuilder.TemplateRegistration.FilePerModel#243a7da8-d571-4525-a67c-4b3061b380d5</CorrelationId>
      <OverwriteBehaviour>always</OverwriteBehaviour>
      <ApplicationRelativeFilePath>../../src/Aryzac.IO.Modules.Client/Templates/Files/Services/ServiceProxy/ServiceProxyTemplateRegistration.cs</ApplicationRelativeFilePath>
      <ProjectRelativeFilePath>Files/Services/ServiceProxy/ServiceProxyTemplateRegistration.cs</ProjectRelativeFilePath>
      <IsIgnored>false</IsIgnored>
    </FileLog>
    <FileLog>
      <ProjectId>2f58b796-4fac-480b-83fe-20ff5541f822</ProjectId>
      <CorrelationId>Intent.ModuleBuilder.Templates.StaticContentTemplateRegistration#5a68e31b-f70c-4874-8fd7-a7b603dba5a6</CorrelationId>
      <OverwriteBehaviour>always</OverwriteBehaviour>
      <ApplicationRelativeFilePath>../../src/Aryzac.IO.Modules.Client/Templates/Files/StaticContentTemplateRegistrations/StaticContentTemplateRegistration.cs</ApplicationRelativeFilePath>
      <ProjectRelativeFilePath>Files/StaticContentTemplateRegistrations/StaticContentTemplateRegistration.cs</ProjectRelativeFilePath>
      <IsIgnored>false</IsIgnored>
    </FileLog>
    <FileLog>
      <ProjectId>2f58b796-4fac-480b-83fe-20ff5541f822</ProjectId>
      <CorrelationId>Intent.ModuleBuilder.TypeScript.Templates.TypescriptTemplatePartial#ff2162e0-686a-4e5f-a945-a27397e6280e</CorrelationId>
      <OverwriteBehaviour>always</OverwriteBehaviour>
      <ApplicationRelativeFilePath>../../src/Aryzac.IO.Modules.Client/Templates/Files/Structs/Components/Models/ModelsTemplatePartial.cs</ApplicationRelativeFilePath>
      <ProjectRelativeFilePath>Files/Structs/Components/Models/ModelsTemplatePartial.cs</ProjectRelativeFilePath>
      <IsIgnored>false</IsIgnored>
    </FileLog>
    <FileLog>
      <ProjectId>2f58b796-4fac-480b-83fe-20ff5541f822</ProjectId>
      <CorrelationId>Intent.ModuleBuilder.TemplateRegistration.FilePerModel#ff2162e0-686a-4e5f-a945-a27397e6280e</CorrelationId>
      <OverwriteBehaviour>always</OverwriteBehaviour>
      <ApplicationRelativeFilePath>../../src/Aryzac.IO.Modules.Client/Templates/Files/Structs/Components/Models/ModelsTemplateRegistration.cs</ApplicationRelativeFilePath>
      <ProjectRelativeFilePath>Files/Structs/Components/Models/ModelsTemplateRegistration.cs</ProjectRelativeFilePath>
      <IsIgnored>false</IsIgnored>
    </FileLog>
    <FileLog>
      <ProjectId>2f58b796-4fac-480b-83fe-20ff5541f822</ProjectId>
      <CorrelationId>Intent.ModuleBuilder.TypeScript.Templates.TypescriptTemplatePartial#b95a53f4-5d9f-40af-9064-f2860de4a5ce</CorrelationId>
      <OverwriteBehaviour>always</OverwriteBehaviour>
      <ApplicationRelativeFilePath>../../src/Aryzac.IO.Modules.Client/Templates/Files/Structs/Components/Props/PropsTemplatePartial.cs</ApplicationRelativeFilePath>
      <ProjectRelativeFilePath>Files/Structs/Components/Props/PropsTemplatePartial.cs</ProjectRelativeFilePath>
      <IsIgnored>false</IsIgnored>
    </FileLog>
    <FileLog>
      <ProjectId>2f58b796-4fac-480b-83fe-20ff5541f822</ProjectId>
      <CorrelationId>Intent.ModuleBuilder.TemplateRegistration.FilePerModel#b95a53f4-5d9f-40af-9064-f2860de4a5ce</CorrelationId>
      <OverwriteBehaviour>always</OverwriteBehaviour>
      <ApplicationRelativeFilePath>../../src/Aryzac.IO.Modules.Client/Templates/Files/Structs/Components/Props/PropsTemplateRegistration.cs</ApplicationRelativeFilePath>
      <ProjectRelativeFilePath>Files/Structs/Components/Props/PropsTemplateRegistration.cs</ProjectRelativeFilePath>
      <IsIgnored>false</IsIgnored>
    </FileLog>
    <FileLog>
      <ProjectId>2f58b796-4fac-480b-83fe-20ff5541f822</ProjectId>
      <CorrelationId>Intent.ModuleBuilder.TypeScript.Templates.TypescriptTemplatePartial#69e8c247-ced9-4cbc-ace8-87ec4154409e</CorrelationId>
      <OverwriteBehaviour>always</OverwriteBehaviour>
      <ApplicationRelativeFilePath>../../src/Aryzac.IO.Modules.Client/Templates/Files/Structs/DTOs/DTO/DTOTemplatePartial.cs</ApplicationRelativeFilePath>
      <ProjectRelativeFilePath>Files/Structs/DTOs/DTO/DTOTemplatePartial.cs</ProjectRelativeFilePath>
      <IsIgnored>false</IsIgnored>
    </FileLog>
    <FileLog>
      <ProjectId>2f58b796-4fac-480b-83fe-20ff5541f822</ProjectId>
      <CorrelationId>Intent.ModuleBuilder.TemplateRegistration.FilePerModel#69e8c247-ced9-4cbc-ace8-87ec4154409e</CorrelationId>
      <OverwriteBehaviour>always</OverwriteBehaviour>
      <ApplicationRelativeFilePath>../../src/Aryzac.IO.Modules.Client/Templates/Files/Structs/DTOs/DTO/DTOTemplateRegistration.cs</ApplicationRelativeFilePath>
      <ProjectRelativeFilePath>Files/Structs/DTOs/DTO/DTOTemplateRegistration.cs</ProjectRelativeFilePath>
      <IsIgnored>false</IsIgnored>
    </FileLog>
    <FileLog>
      <ProjectId>2f58b796-4fac-480b-83fe-20ff5541f822</ProjectId>
      <CorrelationId>ModuleBuilder.Typescript.Templates.TypescriptTemplate.PreProcessT4#aff1b9b4-a9bf-43ec-97d3-225ee8e15f6b</CorrelationId>
      <OverwriteBehaviour>always</OverwriteBehaviour>
      <ApplicationRelativeFilePath>../../src/Aryzac.IO.Modules.Client/Templates/Files/Structs/DTOs/JsonResponse/JsonResponseTemplate.cs</ApplicationRelativeFilePath>
      <ProjectRelativeFilePath>Files/Structs/DTOs/JsonResponse/JsonResponseTemplate.cs</ProjectRelativeFilePath>
      <IsIgnored>false</IsIgnored>
    </FileLog>
    <FileLog>
      <ProjectId>2f58b796-4fac-480b-83fe-20ff5541f822</ProjectId>
      <CorrelationId>Intent.ModuleBuilder.TypeScript.Templates.TypescriptTemplateT4#aff1b9b4-a9bf-43ec-97d3-225ee8e15f6b</CorrelationId>
      <OverwriteBehaviour>always</OverwriteBehaviour>
      <ApplicationRelativeFilePath>../../src/Aryzac.IO.Modules.Client/Templates/Files/Structs/DTOs/JsonResponse/JsonResponseTemplate.tt</ApplicationRelativeFilePath>
      <ProjectRelativeFilePath>Files/Structs/DTOs/JsonResponse/JsonResponseTemplate.tt</ProjectRelativeFilePath>
      <IsIgnored>false</IsIgnored>
    </FileLog>
    <FileLog>
      <ProjectId>2f58b796-4fac-480b-83fe-20ff5541f822</ProjectId>
      <CorrelationId>Intent.ModuleBuilder.TypeScript.Templates.TypescriptTemplatePartial#aff1b9b4-a9bf-43ec-97d3-225ee8e15f6b</CorrelationId>
      <OverwriteBehaviour>always</OverwriteBehaviour>
      <ApplicationRelativeFilePath>../../src/Aryzac.IO.Modules.Client/Templates/Files/Structs/DTOs/JsonResponse/JsonResponseTemplatePartial.cs</ApplicationRelativeFilePath>
      <ProjectRelativeFilePath>Files/Structs/DTOs/JsonResponse/JsonResponseTemplatePartial.cs</ProjectRelativeFilePath>
      <IsIgnored>false</IsIgnored>
    </FileLog>
    <FileLog>
      <ProjectId>2f58b796-4fac-480b-83fe-20ff5541f822</ProjectId>
      <CorrelationId>Intent.ModuleBuilder.TemplateRegistration.SingleFileNoModel#aff1b9b4-a9bf-43ec-97d3-225ee8e15f6b</CorrelationId>
      <OverwriteBehaviour>always</OverwriteBehaviour>
      <ApplicationRelativeFilePath>../../src/Aryzac.IO.Modules.Client/Templates/Files/Structs/DTOs/JsonResponse/JsonResponseTemplateRegistration.cs</ApplicationRelativeFilePath>
      <ProjectRelativeFilePath>Files/Structs/DTOs/JsonResponse/JsonResponseTemplateRegistration.cs</ProjectRelativeFilePath>
      <IsIgnored>false</IsIgnored>
    </FileLog>
    <FileLog>
      <ProjectId>2f58b796-4fac-480b-83fe-20ff5541f822</ProjectId>
      <CorrelationId>Intent.ModuleBuilder.Templates.TemplateExtensions</CorrelationId>
      <OverwriteBehaviour>always</OverwriteBehaviour>
      <ApplicationRelativeFilePath>../../src/Aryzac.IO.Modules.Client/Templates/TemplateExtensions.cs</ApplicationRelativeFilePath>
      <ProjectRelativeFilePath>TemplateExtensions.cs</ProjectRelativeFilePath>
      <IsIgnored>false</IsIgnored>
    </FileLog>
    <FileLog>
      <CorrelationId>Intent.VisualStudio.Projects.VisualStudio2015Solution#ff6f8593-d094-420e-af88-1d6be2e01c38</CorrelationId>
      <OverwriteBehaviour>always</OverwriteBehaviour>
      <ApplicationRelativeFilePath>../../src/aryzac.io.Modules.sln</ApplicationRelativeFilePath>
      <IsIgnored>false</IsIgnored>
    </FileLog>
  </FileLogs>
</outputLog>